#
# A fatal error has been detected by the Java Runtime Environment:
#
#  SIGSEGV (0xb) at pc=0x00007f360ddf5009, pid=5786, tid=5787
#
# JRE version: OpenJDK Runtime Environment (9.0) (build 9-internal+0-2016-04-14-195246.buildd.src)
# Java VM: OpenJDK 64-Bit Server VM (9-internal+0-2016-04-14-195246.buildd.src, mixed mode, tiered, compressed oops, g1 gc, linux-amd64)
# Problematic frame:
# C  [libjava.so+0x1d009]  JNU_GetEnv+0x19
#
# Core dump will be written. Default location: Core dumps may be processed with "/usr/share/apport/apport %p %s %c %d %P" (or dumping to /home/rene/git/football/FootballApp/core.5786)
#
# If you would like to submit a bug report, please visit:
#   http://bugreport.java.com/bugreport/crash.jsp
# The crash happened outside the Java Virtual Machine in native code.
# See problematic frame for where to report the bug.
#

---------------  S U M M A R Y ------------

Command Line: /home/rene/git/football/FootballApp/target/surefire/surefirebooter8783310314106413594.jar /home/rene/git/football/FootballApp/target/surefire/surefire4314466177691252249tmp /home/rene/git/football/FootballApp/target/surefire/surefire_02369576481277408391tmp

Host: Intel(R) Core(TM) i5-4210U CPU @ 1.70GHz, 4 cores, 7G, Ubuntu 16.04.4 LTS
Time: Sat Mar 17 14:08:44 2018 CET elapsed time: 6 seconds (0d 0h 0m 6s)

---------------  T H R E A D  ---------------

Current thread (0x00007f3608011000):  JavaThread "main" [_thread_in_native, id=5787, stack(0x00007f3610b59000,0x00007f3610c5a000)]

Stack: [0x00007f3610b59000,0x00007f3610c5a000],  sp=0x00007f3610c563b0,  free space=1012k
Native frames: (J=compiled Java code, j=interpreted, Vv=VM code, C=native code)
C  [libjava.so+0x1d009]  JNU_GetEnv+0x19
C  [libfontmanager.so+0x33f8e]
C  [libfreetype.so.6+0x14d2b]  FT_Stream_Seek+0x1b

Java frames: (J=compiled Java code, j=interpreted, Vv=VM code)
j  sun.font.FreetypeFontScaler.initNativeScaler(Lsun/font/Font2D;IIZI)J+0 java.desktop@9-internal
j  sun.font.FreetypeFontScaler.<init>(Lsun/font/Font2D;IZI)V+26 java.desktop@9-internal
v  ~StubRoutines::call_stub
j  sun.reflect.NativeConstructorAccessorImpl.newInstance0(Ljava/lang/reflect/Constructor;[Ljava/lang/Object;)Ljava/lang/Object;+0 java.base@9-internal
j  sun.reflect.NativeConstructorAccessorImpl.newInstance([Ljava/lang/Object;)Ljava/lang/Object;+85 java.base@9-internal
j  sun.reflect.DelegatingConstructorAccessorImpl.newInstance([Ljava/lang/Object;)Ljava/lang/Object;+5 java.base@9-internal
j  java.lang.reflect.Constructor.newInstance([Ljava/lang/Object;)Ljava/lang/Object;+65 java.base@9-internal
j  sun.font.FontScaler.getScaler(Lsun/font/Font2D;IZI)Lsun/font/FontScaler;+39 java.desktop@9-internal
j  sun.font.TrueTypeFont.getScaler()Lsun/font/FontScaler;+21 java.desktop@9-internal
j  sun.font.FileFontStrike.<init>(Lsun/font/FileFont;Lsun/font/FontStrikeDesc;)V+204 java.desktop@9-internal
j  sun.font.FileFont.createStrike(Lsun/font/FontStrikeDesc;)Lsun/font/FontStrike;+18 java.desktop@9-internal
j  sun.font.Font2D.getStrike(Lsun/font/FontStrikeDesc;Z)Lsun/font/FontStrike;+92 java.desktop@9-internal
j  sun.font.Font2D.getStrike(Lsun/font/FontStrikeDesc;)Lsun/font/FontStrike;+3 java.desktop@9-internal
j  sun.font.CompositeStrike.getStrikeForSlot(I)Lsun/font/PhysicalStrike;+23 java.desktop@9-internal
j  sun.font.CompositeStrike.getFontMetrics()Lsun/font/StrikeMetrics;+31 java.desktop@9-internal
j  sun.font.FontDesignMetrics.initMatrixAndMetrics()V+28 java.desktop@9-internal
j  sun.font.FontDesignMetrics.<init>(Ljava/awt/Font;Ljava/awt/font/FontRenderContext;)V+62 java.desktop@9-internal
j  sun.font.FontDesignMetrics.getMetrics(Ljava/awt/Font;Ljava/awt/font/FontRenderContext;)Lsun/font/FontDesignMetrics;+128 java.desktop@9-internal
j  sun.swing.SwingUtilities2.getFontMetrics(Ljavax/swing/JComponent;Ljava/awt/Font;)Ljava/awt/FontMetrics;+15 java.desktop@9-internal
j  javax.swing.JComponent.getFontMetrics(Ljava/awt/Font;)Ljava/awt/FontMetrics;+2 java.desktop@9-internal
j  javax.swing.plaf.basic.BasicLabelUI.getPreferredSize(Ljavax/swing/JComponent;)Ljava/awt/Dimension;+144 java.desktop@9-internal
j  javax.swing.JComponent.getPreferredSize()Ljava/awt/Dimension;+26 java.desktop@9-internal
j  javax.swing.border.TitledBorder.getBorderInsets(Ljava/awt/Component;Ljava/awt/Insets;)Ljava/awt/Insets;+54 java.desktop@9-internal
j  javax.swing.border.AbstractBorder.getBorderInsets(Ljava/awt/Component;)Ljava/awt/Insets;+13 java.desktop@9-internal
j  javax.swing.JComponent.setBorder(Ljavax/swing/border/Border;)V+33 java.desktop@9-internal
j  de.presentation.bundesliga.TipicoBetView.initView()V+216
j  de.presentation.AbstractPanelContainer.initPanel(Ljava/lang/String;Ljava/awt/LayoutManager;Ljava/awt/Color;)V+19
j  de.presentation.bundesliga.TipicoBetView.<init>()V+17
j  de.bundesliga.TipicoActivityBeanTest.setUp()V+9
v  ~StubRoutines::call_stub
j  sun.reflect.NativeMethodAccessorImpl.invoke0(Ljava/lang/reflect/Method;Ljava/lang/Object;[Ljava/lang/Object;)Ljava/lang/Object;+0 java.base@9-internal
j  sun.reflect.NativeMethodAccessorImpl.invoke(Ljava/lang/Object;[Ljava/lang/Object;)Ljava/lang/Object;+100 java.base@9-internal
j  sun.reflect.DelegatingMethodAccessorImpl.invoke(Ljava/lang/Object;[Ljava/lang/Object;)Ljava/lang/Object;+6 java.base@9-internal
j  java.lang.reflect.Method.invoke(Ljava/lang/Object;[Ljava/lang/Object;)Ljava/lang/Object;+42 java.base@9-internal
j  org.junit.runners.model.FrameworkMethod$1.runReflectiveCall()Ljava/lang/Object;+15
j  org.junit.internal.runners.model.ReflectiveCallable.run()Ljava/lang/Object;+1
j  org.junit.runners.model.FrameworkMethod.invokeExplosively(Ljava/lang/Object;[Ljava/lang/Object;)Ljava/lang/Object;+10
j  org.junit.internal.runners.statements.RunBefores.evaluate()V+38
j  org.junit.runners.ParentRunner.runLeaf(Lorg/junit/runners/model/Statement;Lorg/junit/runner/Description;Lorg/junit/runner/notification/RunNotifier;)V+17
j  org.junit.runners.BlockJUnit4ClassRunner.runChild(Lorg/junit/runners/model/FrameworkMethod;Lorg/junit/runner/notification/RunNotifier;)V+30
j  org.junit.runners.BlockJUnit4ClassRunner.runChild(Ljava/lang/Object;Lorg/junit/runner/notification/RunNotifier;)V+6
j  org.junit.runners.ParentRunner$3.run()V+12
j  org.junit.runners.ParentRunner$1.schedule(Ljava/lang/Runnable;)V+1
j  org.junit.runners.ParentRunner.runChildren(Lorg/junit/runner/notification/RunNotifier;)V+44
j  org.junit.runners.ParentRunner.access$000(Lorg/junit/runners/ParentRunner;Lorg/junit/runner/notification/RunNotifier;)V+2
j  org.junit.runners.ParentRunner$2.evaluate()V+8
j  org.junit.runners.ParentRunner.run(Lorg/junit/runner/notification/RunNotifier;)V+20
j  org.apache.maven.surefire.junit4.JUnit4Provider.execute(Ljava/lang/Class;Lorg/junit/runner/notification/RunNotifier;[Ljava/lang/String;)V+116
j  org.apache.maven.surefire.junit4.JUnit4Provider.executeTestSet(Ljava/lang/Class;Lorg/apache/maven/surefire/report/RunListener;Lorg/junit/runner/notification/RunNotifier;)V+70
j  org.apache.maven.surefire.junit4.JUnit4Provider.invoke(Ljava/lang/Object;)Lorg/apache/maven/surefire/suite/RunResult;+158
j  org.apache.maven.surefire.booter.ForkedBooter.invokeProviderInSameClassLoader(Ljava/lang/Object;Ljava/lang/Object;Lorg/apache/maven/surefire/booter/ProviderConfiguration;ZLorg/apache/maven/surefire/booter/StartupConfiguration;Z)Lorg/apache/maven/surefire/suite/RunResult;+23
j  org.apache.maven.surefire.booter.ForkedBooter.runSuitesInProcess(Ljava/lang/Object;Lorg/apache/maven/surefire/booter/StartupConfiguration;Lorg/apache/maven/surefire/booter/ProviderConfiguration;Ljava/io/PrintStream;)Lorg/apache/maven/surefire/suite/RunResult;+14
j  org.apache.maven.surefire.booter.ForkedBooter.main([Ljava/lang/String;)V+183
v  ~StubRoutines::call_stub

siginfo: si_signo: 11 (SIGSEGV), si_code: 1 (SEGV_MAPERR), si_addr: 0x0000000000000000

Register to memory mapping:

RAX=0x0000000000000000 is an unknown value
RBX=0x0000000000000000 is an unknown value
RCX=0x0000000000000000 is an unknown value
RDX=0x0000000000010002 is an unknown value
RSP=0x00007f3610c563b0 is pointing into the stack for thread: 0x00007f3608011000
RBP=0x00007f3610c563c0 is pointing into the stack for thread: 0x00007f3608011000
RSI=0x0000000000010002 is an unknown value
RDI=0x0000000000000000 is an unknown value
R8 =0x0000000000000000 is an unknown value
R9 =0x0000000000000000 is an unknown value
R10=0x00000000000001db is an unknown value
R11=0x00007f360ddf4ff0: JNU_GetEnv+0x0000000000000000 in /usr/lib/jvm/java-9-openjdk-amd64/lib/amd64/libjava.so at 0x00007f360ddd8000
R12=0x00007f36086b6960 is an unknown value
R13=0x0000000000000000 is an unknown value
R14=0x0000000000000000 is an unknown value
R15=0x00007f3608c05ca0 is an unknown value


Registers:
RAX=0x0000000000000000, RBX=0x0000000000000000, RCX=0x0000000000000000, RDX=0x0000000000010002
RSP=0x00007f3610c563b0, RBP=0x00007f3610c563c0, RSI=0x0000000000010002, RDI=0x0000000000000000
R8 =0x0000000000000000, R9 =0x0000000000000000, R10=0x00000000000001db, R11=0x00007f360ddf4ff0
R12=0x00007f36086b6960, R13=0x0000000000000000, R14=0x0000000000000000, R15=0x00007f3608c05ca0
RIP=0x00007f360ddf5009, EFLAGS=0x0000000000010246, CSGSFS=0x0000000000000033, ERR=0x0000000000000004
  TRAPNO=0x000000000000000e

Top of Stack: (sp=0x00007f3610c563b0)
0x00007f3610c563b0:   0000000000000000 825ce838380a6300
0x00007f3610c563c0:   00007f3610c56400 00007f3587d69f8e
0x00007f3610c563d0:   00007f3608bf8c50 00007f36086b6960
0x00007f3610c563e0:   0000000000000000 0000000000000000
0x00007f3610c563f0:   00007f36086b6960 00007f3608c05ca0
0x00007f3610c56400:   0000000000000000 00007f3587aa0d2b
0x00007f3610c56410:   0000000000000000 00007f3587d32d80
0x00007f3610c56420:   0000000000000000 00007f3587ab48e0
0x00007f3610c56430:   0000000000000002 0000003200000008
0x00007f3610c56440:   0000000000000000 0000000000000000
0x00007f3610c56450:   0000006e0000005b 0000000000000000
0x00007f3610c56460:   0000000000000000 0000007c00000077
0x00007f3610c56470:   0000000000000000 0000000000000000
0x00007f3610c56480:   000000004e8b41d0 468b41e04e8b45e8
0x00007f3610c56490:   0000000000000000 00007f3608000020
0x00007f3610c564a0:   0000000000000070 00007f3610c56554
0x00007f3610c564b0:   00007f3608bf8c50 00007f3608c05ca0
0x00007f3610c564c0:   00007f3610c56554 00007f3610503184
0x00007f3610c564d0:   00007f3610c56620 00007f3610c56504
0x00007f3610c564e0:   00007f3587d2f9e0 825ce838380a6300
0x00007f3610c564f0:   0000000000000070 00007f36086b6a70
0x00007f3610c56500:   00007f3587d2f9e0 00007f3610c56618
0x00007f3610c56510:   00007f3608bf8c50 00007f3608c05ca0
0x00007f3610c56520:   00007f3608c061d0 00007f3587aa34c2
0x00007f3610c56530:   0000000100000000 00007f3610c56620
0x00007f3610c56540:   0000000000000000 0000000000000000
0x00007f3610c56550:   0000000010c56618 825ce838380a6300
0x00007f3610c56560:   00007f36086b6a70 00007f3610c56620
0x00007f3610c56570:   0000000000000000 00007f3608bf8b78
0x00007f3610c56580:   00007f3610c56820 00007f3608bf8ad8
0x00007f3610c56590:   00007f3608bf8c50 00007f3587aa5581
0x00007f3610c565a0:   00007f3610c56620 00007f3587aa5376 

Instructions: (pc=0x00007f360ddf5009)
0x00007f360ddf4fe9:   ff eb ea 0f 1f 40 00 55 89 f2 48 89 e5 48 83 ec
0x00007f360ddf4ff9:   10 64 48 8b 04 25 28 00 00 00 48 89 45 f8 31 c0
0x00007f360ddf5009:   48 8b 07 48 8d 75 f0 ff 50 30 48 8b 4d f8 64 48
0x00007f360ddf5019:   33 0c 25 28 00 00 00 48 8b 45 f0 75 02 c9 c3 e8 


---------------  P R O C E S S  ---------------

Java Threads: ( => current thread )
  0x00007f357c002800 JavaThread "SeedGenerator Thread" daemon [_thread_blocked, id=5840, stack(0x00007f35865e5000,0x00007f35866e6000)]
  0x00007f36084f5800 JavaThread "AWT-EventQueue-0" [_thread_blocked, id=5839, stack(0x00007f3586b52000,0x00007f3586c53000)]
  0x00007f36084f4800 JavaThread "AWT-Shutdown" [_thread_blocked, id=5838, stack(0x00007f3586e53000,0x00007f3586f54000)]
  0x00007f3608628000 JavaThread "SeedGenerator Thread" daemon [_thread_in_Java, id=5816, stack(0x00007f3587055000,0x00007f3587156000)]
  0x00007f360865b000 JavaThread "AWT-XAWT" daemon [_thread_in_native, id=5815, stack(0x00007f3587356000,0x00007f3587457000)]
  0x00007f3608638800 JavaThread "Java2D Disposer" daemon [_thread_blocked, id=5814, stack(0x00007f35940b2000,0x00007f35941b3000)]
  0x00007f3608275000 JavaThread "Service Thread" daemon [_thread_blocked, id=5812, stack(0x00007f35c0c77000,0x00007f35c0d78000)]
  0x00007f36081ae800 JavaThread "Common-Cleaner" daemon [_thread_blocked, id=5811, stack(0x00007f35c0d78000,0x00007f35c0e79000)]
  0x00007f360818f000 JavaThread "Sweeper thread" daemon [_thread_blocked, id=5810, stack(0x00007f35c12a3000,0x00007f35c13a4000)]
  0x00007f360818d000 JavaThread "C1 CompilerThread2" daemon [_thread_blocked, id=5809, stack(0x00007f35c802e000,0x00007f35c812f000)]
  0x00007f360818b000 JavaThread "C2 CompilerThread1" daemon [_thread_in_native, id=5808, stack(0x00007f35c812f000,0x00007f35c8230000)]
  0x00007f3608189800 JavaThread "C2 CompilerThread0" daemon [_thread_in_native, id=5807, stack(0x00007f35f00e9000,0x00007f35f01ea000)]
  0x00007f3608185000 JavaThread "Signal Dispatcher" daemon [_thread_blocked, id=5806, stack(0x00007f35f01ea000,0x00007f35f02eb000)]
  0x00007f3608183000 JavaThread "Surrogate Locker Thread (Concurrent GC)" daemon [_thread_blocked, id=5805, stack(0x00007f35f02eb000,0x00007f35f03ec000)]
  0x00007f3608170800 JavaThread "Finalizer" daemon [_thread_blocked, id=5804, stack(0x00007f35f03ec000,0x00007f35f04ed000)]
  0x00007f360816c800 JavaThread "Reference Handler" daemon [_thread_blocked, id=5803, stack(0x00007f35f04ed000,0x00007f35f05ee000)]
=>0x00007f3608011000 JavaThread "main" [_thread_in_native, id=5787, stack(0x00007f3610b59000,0x00007f3610c5a000)]

Other Threads:
  0x00007f3608162800 VMThread [stack: 0x00007f35f05ee000,0x00007f35f06ef000] [id=5802]
  0x00007f3608278000 WatcherThread [stack: 0x00007f35c0b76000,0x00007f35c0c77000] [id=5813]

Threads with active compile tasks:
C2 CompilerThread1 988       4       java.util.Properties::saveConvert (434 bytes)
C2 CompilerThread0 994       4       java.util.HashMap::putVal (300 bytes)

VM state:not at safepoint (normal execution)

VM Mutex/Monitor currently owned by a thread: None

heap address: 0x0000000084600000, size: 1978 MB, Compressed Oops mode: 32-bit
Narrow klass base: 0x0000000000000000, Narrow klass shift: 3
Compressed class space size: 1073741824 Address: 0x0000000100000000

Heap:
 garbage-first heap   total 126976K, used 14779K [0x0000000084600000, 0x00000000847003e0, 0x0000000100000000)
  region size 1024K, 13 young (13312K), 1 survivors (1024K)
 Metaspace       used 15879K, capacity 16366K, committed 16512K, reserved 1062912K
  class space    used 1894K, capacity 2077K, committed 2176K, reserved 1048576K

Heap Regions: E=young(eden), S=young(survivor), O=old, HS=humongous(starts), HC=humongous(continues), CS=collection set, F=free, A=archive, TS=gc time stamp, AC=allocation context, TAMS=top-at-mark-start (previous, next)
|   0|0x0000000084600000, 0x0000000084700000, 0x0000000084700000|100%| O|  |TS  1|AC  0|TAMS 0x0000000084600000, 0x0000000084600000|
|   1|0x0000000084700000, 0x0000000084800000, 0x0000000084800000|100%| O|  |TS  1|AC  0|TAMS 0x0000000084700000, 0x0000000084700000|
|   2|0x0000000084800000, 0x000000008486ec00, 0x0000000084900000| 43%| O|  |TS  1|AC  0|TAMS 0x0000000084800000, 0x0000000084800000|
|   3|0x0000000084900000, 0x0000000084900000, 0x0000000084a00000|  0%| F|  |TS  0|AC  0|TAMS 0x0000000084900000, 0x0000000084900000|
|   4|0x0000000084a00000, 0x0000000084a00000, 0x0000000084b00000|  0%| F|  |TS  0|AC  0|TAMS 0x0000000084a00000, 0x0000000084a00000|
|   5|0x0000000084b00000, 0x0000000084b00000, 0x0000000084c00000|  0%| F|  |TS  0|AC  0|TAMS 0x0000000084b00000, 0x0000000084b00000|
|   6|0x0000000084c00000, 0x0000000084c00000, 0x0000000084d00000|  0%| F|  |TS  0|AC  0|TAMS 0x0000000084c00000, 0x0000000084c00000|
|   7|0x0000000084d00000, 0x0000000084d00000, 0x0000000084e00000|  0%| F|  |TS  0|AC  0|TAMS 0x0000000084d00000, 0x0000000084d00000|
|   8|0x0000000084e00000, 0x0000000084e00000, 0x0000000084f00000|  0%| F|  |TS  0|AC  0|TAMS 0x0000000084e00000, 0x0000000084e00000|
|   9|0x0000000084f00000, 0x0000000084f00000, 0x0000000085000000|  0%| F|  |TS  0|AC  0|TAMS 0x0000000084f00000, 0x0000000084f00000|
|  10|0x0000000085000000, 0x0000000085000000, 0x0000000085100000|  0%| F|  |TS  0|AC  0|TAMS 0x0000000085000000, 0x0000000085000000|
|  11|0x0000000085100000, 0x0000000085100000, 0x0000000085200000|  0%| F|  |TS  0|AC  0|TAMS 0x0000000085100000, 0x0000000085100000|
|  12|0x0000000085200000, 0x0000000085200000, 0x0000000085300000|  0%| F|  |TS  0|AC  0|TAMS 0x0000000085200000, 0x0000000085200000|
|  13|0x0000000085300000, 0x0000000085300000, 0x0000000085400000|  0%| F|  |TS  0|AC  0|TAMS 0x0000000085300000, 0x0000000085300000|
|  14|0x0000000085400000, 0x0000000085400000, 0x0000000085500000|  0%| F|  |TS  0|AC  0|TAMS 0x0000000085400000, 0x0000000085400000|
|  15|0x0000000085500000, 0x0000000085500000, 0x0000000085600000|  0%| F|  |TS  0|AC  0|TAMS 0x0000000085500000, 0x0000000085500000|
|  16|0x0000000085600000, 0x0000000085600000, 0x0000000085700000|  0%| F|  |TS  0|AC  0|TAMS 0x0000000085600000, 0x0000000085600000|
|  17|0x0000000085700000, 0x0000000085700000, 0x0000000085800000|  0%| F|  |TS  0|AC  0|TAMS 0x0000000085700000, 0x0000000085700000|
|  18|0x0000000085800000, 0x0000000085800000, 0x0000000085900000|  0%| F|  |TS  0|AC  0|TAMS 0x0000000085800000, 0x0000000085800000|
|  19|0x0000000085900000, 0x0000000085900000, 0x0000000085a00000|  0%| F|  |TS  0|AC  0|TAMS 0x0000000085900000, 0x0000000085900000|
|  20|0x0000000085a00000, 0x0000000085a00000, 0x0000000085b00000|  0%| F|  |TS  0|AC  0|TAMS 0x0000000085a00000, 0x0000000085a00000|
|  21|0x0000000085b00000, 0x0000000085b00000, 0x0000000085c00000|  0%| F|  |TS  0|AC  0|TAMS 0x0000000085b00000, 0x0000000085b00000|
|  22|0x0000000085c00000, 0x0000000085c00000, 0x0000000085d00000|  0%| F|  |TS  0|AC  0|TAMS 0x0000000085c00000, 0x0000000085c00000|
|  23|0x0000000085d00000, 0x0000000085d00000, 0x0000000085e00000|  0%| F|  |TS  0|AC  0|TAMS 0x0000000085d00000, 0x0000000085d00000|
|  24|0x0000000085e00000, 0x0000000085e00000, 0x0000000085f00000|  0%| F|  |TS  0|AC  0|TAMS 0x0000000085e00000, 0x0000000085e00000|
|  25|0x0000000085f00000, 0x0000000085f00000, 0x0000000086000000|  0%| F|  |TS  0|AC  0|TAMS 0x0000000085f00000, 0x0000000085f00000|
|  26|0x0000000086000000, 0x0000000086000000, 0x0000000086100000|  0%| F|  |TS  0|AC  0|TAMS 0x0000000086000000, 0x0000000086000000|
|  27|0x0000000086100000, 0x0000000086100000, 0x0000000086200000|  0%| F|  |TS  0|AC  0|TAMS 0x0000000086100000, 0x0000000086100000|
|  28|0x0000000086200000, 0x0000000086200000, 0x0000000086300000|  0%| F|  |TS  0|AC  0|TAMS 0x0000000086200000, 0x0000000086200000|
|  29|0x0000000086300000, 0x0000000086300000, 0x0000000086400000|  0%| F|  |TS  0|AC  0|TAMS 0x0000000086300000, 0x0000000086300000|
|  30|0x0000000086400000, 0x0000000086400000, 0x0000000086500000|  0%| F|  |TS  0|AC  0|TAMS 0x0000000086400000, 0x0000000086400000|
|  31|0x0000000086500000, 0x0000000086500000, 0x0000000086600000|  0%| F|  |TS  0|AC  0|TAMS 0x0000000086500000, 0x0000000086500000|
|  32|0x0000000086600000, 0x0000000086600000, 0x0000000086700000|  0%| F|  |TS  0|AC  0|TAMS 0x0000000086600000, 0x0000000086600000|
|  33|0x0000000086700000, 0x0000000086700000, 0x0000000086800000|  0%| F|  |TS  0|AC  0|TAMS 0x0000000086700000, 0x0000000086700000|
|  34|0x0000000086800000, 0x0000000086800000, 0x0000000086900000|  0%| F|  |TS  0|AC  0|TAMS 0x0000000086800000, 0x0000000086800000|
|  35|0x0000000086900000, 0x0000000086900000, 0x0000000086a00000|  0%| F|  |TS  0|AC  0|TAMS 0x0000000086900000, 0x0000000086900000|
|  36|0x0000000086a00000, 0x0000000086a00000, 0x0000000086b00000|  0%| F|  |TS  0|AC  0|TAMS 0x0000000086a00000, 0x0000000086a00000|
|  37|0x0000000086b00000, 0x0000000086b00000, 0x0000000086c00000|  0%| F|  |TS  0|AC  0|TAMS 0x0000000086b00000, 0x0000000086b00000|
|  38|0x0000000086c00000, 0x0000000086c00000, 0x0000000086d00000|  0%| F|  |TS  0|AC  0|TAMS 0x0000000086c00000, 0x0000000086c00000|
|  39|0x0000000086d00000, 0x0000000086d00000, 0x0000000086e00000|  0%| F|  |TS  0|AC  0|TAMS 0x0000000086d00000, 0x0000000086d00000|
|  40|0x0000000086e00000, 0x0000000086e00000, 0x0000000086f00000|  0%| F|  |TS  0|AC  0|TAMS 0x0000000086e00000, 0x0000000086e00000|
|  41|0x0000000086f00000, 0x0000000086f00000, 0x0000000087000000|  0%| F|  |TS  0|AC  0|TAMS 0x0000000086f00000, 0x0000000086f00000|
|  42|0x0000000087000000, 0x0000000087000000, 0x0000000087100000|  0%| F|  |TS  0|AC  0|TAMS 0x0000000087000000, 0x0000000087000000|
|  43|0x0000000087100000, 0x0000000087100000, 0x0000000087200000|  0%| F|  |TS  0|AC  0|TAMS 0x0000000087100000, 0x0000000087100000|
|  44|0x0000000087200000, 0x0000000087200000, 0x0000000087300000|  0%| F|  |TS  0|AC  0|TAMS 0x0000000087200000, 0x0000000087200000|
|  45|0x0000000087300000, 0x0000000087300000, 0x0000000087400000|  0%| F|  |TS  0|AC  0|TAMS 0x0000000087300000, 0x0000000087300000|
|  46|0x0000000087400000, 0x0000000087400000, 0x0000000087500000|  0%| F|  |TS  0|AC  0|TAMS 0x0000000087400000, 0x0000000087400000|
|  47|0x0000000087500000, 0x0000000087500000, 0x0000000087600000|  0%| F|  |TS  0|AC  0|TAMS 0x0000000087500000, 0x0000000087500000|
|  48|0x0000000087600000, 0x0000000087600000, 0x0000000087700000|  0%| F|  |TS  0|AC  0|TAMS 0x0000000087600000, 0x0000000087600000|
|  49|0x0000000087700000, 0x0000000087700000, 0x0000000087800000|  0%| F|  |TS  0|AC  0|TAMS 0x0000000087700000, 0x0000000087700000|
|  50|0x0000000087800000, 0x0000000087800000, 0x0000000087900000|  0%| F|  |TS  0|AC  0|TAMS 0x0000000087800000, 0x0000000087800000|
|  51|0x0000000087900000, 0x0000000087900000, 0x0000000087a00000|  0%| F|  |TS  0|AC  0|TAMS 0x0000000087900000, 0x0000000087900000|
|  52|0x0000000087a00000, 0x0000000087a00000, 0x0000000087b00000|  0%| F|  |TS  0|AC  0|TAMS 0x0000000087a00000, 0x0000000087a00000|
|  53|0x0000000087b00000, 0x0000000087b00000, 0x0000000087c00000|  0%| F|  |TS  0|AC  0|TAMS 0x0000000087b00000, 0x0000000087b00000|
|  54|0x0000000087c00000, 0x0000000087c00000, 0x0000000087d00000|  0%| F|  |TS  0|AC  0|TAMS 0x0000000087c00000, 0x0000000087c00000|
|  55|0x0000000087d00000, 0x0000000087d00000, 0x0000000087e00000|  0%| F|  |TS  0|AC  0|TAMS 0x0000000087d00000, 0x0000000087d00000|
|  56|0x0000000087e00000, 0x0000000087e00000, 0x0000000087f00000|  0%| F|  |TS  0|AC  0|TAMS 0x0000000087e00000, 0x0000000087e00000|
|  57|0x0000000087f00000, 0x0000000087f00000, 0x0000000088000000|  0%| F|  |TS  0|AC  0|TAMS 0x0000000087f00000, 0x0000000087f00000|
|  58|0x0000000088000000, 0x0000000088000000, 0x0000000088100000|  0%| F|  |TS  0|AC  0|TAMS 0x0000000088000000, 0x0000000088000000|
|  59|0x0000000088100000, 0x0000000088100000, 0x0000000088200000|  0%| F|  |TS  0|AC  0|TAMS 0x0000000088100000, 0x0000000088100000|
|  60|0x0000000088200000, 0x0000000088200000, 0x0000000088300000|  0%| F|  |TS  0|AC  0|TAMS 0x0000000088200000, 0x0000000088200000|
|  61|0x0000000088300000, 0x0000000088300000, 0x0000000088400000|  0%| F|  |TS  0|AC  0|TAMS 0x0000000088300000, 0x0000000088300000|
|  62|0x0000000088400000, 0x0000000088400000, 0x0000000088500000|  0%| F|  |TS  0|AC  0|TAMS 0x0000000088400000, 0x0000000088400000|
|  63|0x0000000088500000, 0x0000000088500000, 0x0000000088600000|  0%| F|  |TS  0|AC  0|TAMS 0x0000000088500000, 0x0000000088500000|
|  64|0x0000000088600000, 0x0000000088600000, 0x0000000088700000|  0%| F|  |TS  0|AC  0|TAMS 0x0000000088600000, 0x0000000088600000|
|  65|0x0000000088700000, 0x0000000088700000, 0x0000000088800000|  0%| F|  |TS  0|AC  0|TAMS 0x0000000088700000, 0x0000000088700000|
|  66|0x0000000088800000, 0x0000000088800000, 0x0000000088900000|  0%| F|  |TS  0|AC  0|TAMS 0x0000000088800000, 0x0000000088800000|
|  67|0x0000000088900000, 0x0000000088900000, 0x0000000088a00000|  0%| F|  |TS  0|AC  0|TAMS 0x0000000088900000, 0x0000000088900000|
|  68|0x0000000088a00000, 0x0000000088a00000, 0x0000000088b00000|  0%| F|  |TS  0|AC  0|TAMS 0x0000000088a00000, 0x0000000088a00000|
|  69|0x0000000088b00000, 0x0000000088b00000, 0x0000000088c00000|  0%| F|  |TS  0|AC  0|TAMS 0x0000000088b00000, 0x0000000088b00000|
|  70|0x0000000088c00000, 0x0000000088c00000, 0x0000000088d00000|  0%| F|  |TS  0|AC  0|TAMS 0x0000000088c00000, 0x0000000088c00000|
|  71|0x0000000088d00000, 0x0000000088d00000, 0x0000000088e00000|  0%| F|  |TS  0|AC  0|TAMS 0x0000000088d00000, 0x0000000088d00000|
|  72|0x0000000088e00000, 0x0000000088e00000, 0x0000000088f00000|  0%| F|  |TS  0|AC  0|TAMS 0x0000000088e00000, 0x0000000088e00000|
|  73|0x0000000088f00000, 0x0000000088f00000, 0x0000000089000000|  0%| F|  |TS  0|AC  0|TAMS 0x0000000088f00000, 0x0000000088f00000|
|  74|0x0000000089000000, 0x0000000089000000, 0x0000000089100000|  0%| F|  |TS  0|AC  0|TAMS 0x0000000089000000, 0x0000000089000000|
|  75|0x0000000089100000, 0x0000000089100000, 0x0000000089200000|  0%| F|  |TS  0|AC  0|TAMS 0x0000000089100000, 0x0000000089100000|
|  76|0x0000000089200000, 0x0000000089200000, 0x0000000089300000|  0%| F|  |TS  0|AC  0|TAMS 0x0000000089200000, 0x0000000089200000|
|  77|0x0000000089300000, 0x0000000089300000, 0x0000000089400000|  0%| F|  |TS  0|AC  0|TAMS 0x0000000089300000, 0x0000000089300000|
|  78|0x0000000089400000, 0x0000000089400000, 0x0000000089500000|  0%| F|  |TS  0|AC  0|TAMS 0x0000000089400000, 0x0000000089400000|
|  79|0x0000000089500000, 0x0000000089500000, 0x0000000089600000|  0%| F|  |TS  0|AC  0|TAMS 0x0000000089500000, 0x0000000089500000|
|  80|0x0000000089600000, 0x0000000089600000, 0x0000000089700000|  0%| F|  |TS  0|AC  0|TAMS 0x0000000089600000, 0x0000000089600000|
|  81|0x0000000089700000, 0x0000000089700000, 0x0000000089800000|  0%| F|  |TS  0|AC  0|TAMS 0x0000000089700000, 0x0000000089700000|
|  82|0x0000000089800000, 0x0000000089800000, 0x0000000089900000|  0%| F|  |TS  0|AC  0|TAMS 0x0000000089800000, 0x0000000089800000|
|  83|0x0000000089900000, 0x0000000089900000, 0x0000000089a00000|  0%| F|  |TS  0|AC  0|TAMS 0x0000000089900000, 0x0000000089900000|
|  84|0x0000000089a00000, 0x0000000089a00000, 0x0000000089b00000|  0%| F|  |TS  0|AC  0|TAMS 0x0000000089a00000, 0x0000000089a00000|
|  85|0x0000000089b00000, 0x0000000089b00000, 0x0000000089c00000|  0%| F|  |TS  0|AC  0|TAMS 0x0000000089b00000, 0x0000000089b00000|
|  86|0x0000000089c00000, 0x0000000089c00000, 0x0000000089d00000|  0%| F|  |TS  0|AC  0|TAMS 0x0000000089c00000, 0x0000000089c00000|
|  87|0x0000000089d00000, 0x0000000089d00000, 0x0000000089e00000|  0%| F|  |TS  0|AC  0|TAMS 0x0000000089d00000, 0x0000000089d00000|
|  88|0x0000000089e00000, 0x0000000089e00000, 0x0000000089f00000|  0%| F|  |TS  0|AC  0|TAMS 0x0000000089e00000, 0x0000000089e00000|
|  89|0x0000000089f00000, 0x0000000089f00000, 0x000000008a000000|  0%| F|  |TS  0|AC  0|TAMS 0x0000000089f00000, 0x0000000089f00000|
|  90|0x000000008a000000, 0x000000008a000000, 0x000000008a100000|  0%| F|  |TS  0|AC  0|TAMS 0x000000008a000000, 0x000000008a000000|
|  91|0x000000008a100000, 0x000000008a100000, 0x000000008a200000|  0%| F|  |TS  0|AC  0|TAMS 0x000000008a100000, 0x000000008a100000|
|  92|0x000000008a200000, 0x000000008a200000, 0x000000008a300000|  0%| F|  |TS  0|AC  0|TAMS 0x000000008a200000, 0x000000008a200000|
|  93|0x000000008a300000, 0x000000008a300000, 0x000000008a400000|  0%| F|  |TS  0|AC  0|TAMS 0x000000008a300000, 0x000000008a300000|
|  94|0x000000008a400000, 0x000000008a400000, 0x000000008a500000|  0%| F|  |TS  0|AC  0|TAMS 0x000000008a400000, 0x000000008a400000|
|  95|0x000000008a500000, 0x000000008a500000, 0x000000008a600000|  0%| F|  |TS  0|AC  0|TAMS 0x000000008a500000, 0x000000008a500000|
|  96|0x000000008a600000, 0x000000008a600000, 0x000000008a700000|  0%| F|  |TS  0|AC  0|TAMS 0x000000008a600000, 0x000000008a600000|
|  97|0x000000008a700000, 0x000000008a700000, 0x000000008a800000|  0%| F|  |TS  0|AC  0|TAMS 0x000000008a700000, 0x000000008a700000|
|  98|0x000000008a800000, 0x000000008a800000, 0x000000008a900000|  0%| F|  |TS  0|AC  0|TAMS 0x000000008a800000, 0x000000008a800000|
|  99|0x000000008a900000, 0x000000008a900000, 0x000000008aa00000|  0%| F|  |TS  0|AC  0|TAMS 0x000000008a900000, 0x000000008a900000|
| 100|0x000000008aa00000, 0x000000008aa00000, 0x000000008ab00000|  0%| F|  |TS  0|AC  0|TAMS 0x000000008aa00000, 0x000000008aa00000|
| 101|0x000000008ab00000, 0x000000008ab00000, 0x000000008ac00000|  0%| F|  |TS  0|AC  0|TAMS 0x000000008ab00000, 0x000000008ab00000|
| 102|0x000000008ac00000, 0x000000008ac00000, 0x000000008ad00000|  0%| F|  |TS  0|AC  0|TAMS 0x000000008ac00000, 0x000000008ac00000|
| 103|0x000000008ad00000, 0x000000008ad00000, 0x000000008ae00000|  0%| F|  |TS  0|AC  0|TAMS 0x000000008ad00000, 0x000000008ad00000|
| 104|0x000000008ae00000, 0x000000008ae00000, 0x000000008af00000|  0%| F|  |TS  0|AC  0|TAMS 0x000000008ae00000, 0x000000008ae00000|
| 105|0x000000008af00000, 0x000000008af00000, 0x000000008b000000|  0%| F|  |TS  0|AC  0|TAMS 0x000000008af00000, 0x000000008af00000|
| 106|0x000000008b000000, 0x000000008b000000, 0x000000008b100000|  0%| F|  |TS  0|AC  0|TAMS 0x000000008b000000, 0x000000008b000000|
| 107|0x000000008b100000, 0x000000008b100000, 0x000000008b200000|  0%| F|  |TS  0|AC  0|TAMS 0x000000008b100000, 0x000000008b100000|
| 108|0x000000008b200000, 0x000000008b200000, 0x000000008b300000|  0%| F|  |TS  0|AC  0|TAMS 0x000000008b200000, 0x000000008b200000|
| 109|0x000000008b300000, 0x000000008b300000, 0x000000008b400000|  0%| F|  |TS  0|AC  0|TAMS 0x000000008b300000, 0x000000008b300000|
| 110|0x000000008b400000, 0x000000008b400000, 0x000000008b500000|  0%| F|  |TS  0|AC  0|TAMS 0x000000008b400000, 0x000000008b400000|
| 111|0x000000008b500000, 0x000000008b600000, 0x000000008b600000|100%| E|  |TS  0|AC  0|TAMS 0x000000008b500000, 0x000000008b500000|
| 112|0x000000008b600000, 0x000000008b700000, 0x000000008b700000|100%| E|CS|TS  0|AC  0|TAMS 0x000000008b600000, 0x000000008b600000|
| 113|0x000000008b700000, 0x000000008b800000, 0x000000008b800000|100%| E|CS|TS  0|AC  0|TAMS 0x000000008b700000, 0x000000008b700000|
| 114|0x000000008b800000, 0x000000008b900000, 0x000000008b900000|100%| E|CS|TS  0|AC  0|TAMS 0x000000008b800000, 0x000000008b800000|
| 115|0x000000008b900000, 0x000000008ba00000, 0x000000008ba00000|100%| E|CS|TS  0|AC  0|TAMS 0x000000008b900000, 0x000000008b900000|
| 116|0x000000008ba00000, 0x000000008bb00000, 0x000000008bb00000|100%| S|CS|TS  1|AC  0|TAMS 0x000000008ba00000, 0x000000008ba00000|
| 117|0x000000008bb00000, 0x000000008bc00000, 0x000000008bc00000|100%| E|CS|TS  0|AC  0|TAMS 0x000000008bb00000, 0x000000008bb00000|
| 118|0x000000008bc00000, 0x000000008bd00000, 0x000000008bd00000|100%| E|CS|TS  0|AC  0|TAMS 0x000000008bc00000, 0x000000008bc00000|
| 119|0x000000008bd00000, 0x000000008be00000, 0x000000008be00000|100%| E|CS|TS  0|AC  0|TAMS 0x000000008bd00000, 0x000000008bd00000|
| 120|0x000000008be00000, 0x000000008bf00000, 0x000000008bf00000|100%| E|CS|TS  0|AC  0|TAMS 0x000000008be00000, 0x000000008be00000|
| 121|0x000000008bf00000, 0x000000008c000000, 0x000000008c000000|100%| E|CS|TS  0|AC  0|TAMS 0x000000008bf00000, 0x000000008bf00000|
| 122|0x000000008c000000, 0x000000008c100000, 0x000000008c100000|100%| E|CS|TS  0|AC  0|TAMS 0x000000008c000000, 0x000000008c000000|
| 123|0x000000008c100000, 0x000000008c200000, 0x000000008c200000|100%| E|CS|TS  0|AC  0|TAMS 0x000000008c100000, 0x000000008c100000|

Card table byte_map: [0x00007f35f10ba000,0x00007f35f1497000] byte_map_base: 0x00007f35f0c97000

Marking Bits (Prev, Next): (CMBitMap*) 0x00007f36080603d0, (CMBitMap*) 0x00007f3608060428
 Prev Bits: [0x00007f35ca118000, 0x00007f35cc000000)
 Next Bits: [0x00007f35c8230000, 0x00007f35ca118000)

Polling page: 0x00007f3610c7b000

CodeHeap 'non-nmethods': size=5696Kb used=1279Kb max_used=1288Kb free=4416Kb
 bounds [0x00007f35f1c51000, 0x00007f35f1ec1000, 0x00007f35f21e1000]
CodeHeap 'profiled nmethods': size=120032Kb used=1819Kb max_used=1819Kb free=118212Kb
 bounds [0x00007f35f21e1000, 0x00007f35f2451000, 0x00007f35f9719000]
CodeHeap 'non-profiled nmethods': size=120032Kb used=333Kb max_used=333Kb free=119698Kb
 bounds [0x00007f35f9719000, 0x00007f35f9989000, 0x00007f3600c51000]
 total_blobs=1783 nmethods=993 adapters=471
 compilation: enabled

Compilation events (10 events):
Event: 6,187 Thread 0x00007f360818d000  991       3       java.lang.StringBuilder::length (5 bytes)
Event: 6,187 Thread 0x00007f360818d000 nmethod 991 0x00007f35f23a6110 code [0x00007f35f23a6280, 0x00007f35f23a63f0]
Event: 6,187 Thread 0x00007f360818d000  992       3       java.io.UnixFileSystem::getBooleanAttributes (49 bytes)
Event: 6,188 Thread 0x00007f360818d000 nmethod 992 0x00007f35f23a6490 code [0x00007f35f23a66a0, 0x00007f35f23a6fb8]
Event: 6,194 Thread 0x00007f360818d000  995       1       java.lang.ThreadLocal::getMap (5 bytes)
Event: 6,195 Thread 0x00007f360818d000 nmethod 995 0x00007f35f976c410 code [0x00007f35f976c580, 0x00007f35f976c690]
Event: 6,195 Thread 0x00007f360818d000  996       3       java.nio.HeapByteBuffer::_get (7 bytes)
Event: 6,195 Thread 0x00007f360818d000 nmethod 996 0x00007f35f23a7290 code [0x00007f35f23a7400, 0x00007f35f23a7570]
Event: 6,196 Thread 0x00007f360818d000  997       3       java.lang.Short::valueOf (33 bytes)
Event: 6,197 Thread 0x00007f360818d000 nmethod 997 0x00007f35f23a7690 code [0x00007f35f23a7820, 0x00007f35f23a7b70]

GC Heap History (2 events):
Event: 0,247 GC heap before
{Heap before GC invocations=0 (full 0):
 garbage-first heap   total 126976K, used 7168K [0x0000000084600000, 0x00000000847003e0, 0x0000000100000000)
  region size 1024K, 7 young (7168K), 0 survivors (0K)
 Metaspace       used 4171K, capacity 4704K, committed 4864K, reserved 1056768K
  class space    used 426K, capacity 464K, committed 512K, reserved 1048576K
}
Event: 0,253 GC heap after
{Heap after GC invocations=1 (full 0):
 garbage-first heap   total 126976K, used 3515K [0x0000000084600000, 0x00000000847003e0, 0x0000000100000000)
  region size 1024K, 1 young (1024K), 1 survivors (1024K)
 Metaspace       used 4171K, capacity 4704K, committed 4864K, reserved 1056768K
  class space    used 426K, capacity 464K, committed 512K, reserved 1048576K
}

Deoptimization events (10 events):
Event: 0,861 Thread 0x00007f3608011000 Uncommon trap: reason=class_check action=maybe_recompile pc=0x00007f35f973a3d4 method=java.util.HashMap.putVal(ILjava/lang/Object;Ljava/lang/Object;ZZ)Ljava/lang/Object; @ 253
Event: 1,113 Thread 0x00007f3608628000 Uncommon trap: reason=unstable_if action=reinterpret pc=0x00007f35f975bac0 method=sun.security.provider.SeedGenerator$ThreadedSeedGenerator.run()V @ 120
Event: 5,921 Thread 0x00007f3608011000 Uncommon trap: reason=bimorphic_or_optimized_type_check action=maybe_recompile pc=0x00007f35f9761780 method=java.util.HashMap.putVal(ILjava/lang/Object;Ljava/lang/Object;ZZ)Ljava/lang/Object; @ 56
Event: 5,921 Thread 0x00007f3608011000 Uncommon trap: reason=bimorphic_or_optimized_type_check action=maybe_recompile pc=0x00007f35f9761780 method=java.util.HashMap.putVal(ILjava/lang/Object;Ljava/lang/Object;ZZ)Ljava/lang/Object; @ 56
Event: 6,055 Thread 0x00007f3608011000 Uncommon trap: reason=unstable_if action=reinterpret pc=0x00007f35f9746848 method=java.lang.StringUTF16.compress([CI[BII)I @ 20
Event: 6,168 Thread 0x00007f3608011000 Uncommon trap: reason=bimorphic_or_optimized_type_check action=maybe_recompile pc=0x00007f35f9761780 method=java.util.HashMap.putVal(ILjava/lang/Object;Ljava/lang/Object;ZZ)Ljava/lang/Object; @ 56
Event: 6,175 Thread 0x00007f3608011000 Uncommon trap: reason=unstable_if action=reinterpret pc=0x00007f35f972d1f4 method=java.lang.String.equals(Ljava/lang/Object;)Z @ 27
Event: 6,175 Thread 0x00007f3608011000 Uncommon trap: reason=unstable_if action=reinterpret pc=0x00007f35f9724b74 method=java.lang.String.charAt(I)C @ 4
Event: 6,185 Thread 0x00007f3608011000 Uncommon trap: reason=bimorphic_or_optimized_type_check action=maybe_recompile pc=0x00007f35f9761888 method=java.util.HashMap.putVal(ILjava/lang/Object;Ljava/lang/Object;ZZ)Ljava/lang/Object; @ 203
Event: 6,185 Thread 0x00007f3608011000 Uncommon trap: reason=bimorphic_or_optimized_type_check action=maybe_recompile pc=0x00007f35f9761888 method=java.util.HashMap.putVal(ILjava/lang/Object;Ljava/lang/Object;ZZ)Ljava/lang/Object; @ 203

Classes redefined (0 events):
No events

Internal exceptions (10 events):
Event: 0,328 Thread 0x00007f3608011000 Exception <a 'java/lang/NoSuchMethodError': java.lang.Object.of([Ljava/lang/Object;)Ljava/util/stream/Stream;> (0x000000008c08e9d0) thrown at [/build/openjdk-9-argm_o/openjdk-9-9~b114/src/hotspot/src/share/vm/interpreter/linkResolver.cpp, line 728]
Event: 0,581 Thread 0x00007f3608011000 Exception <a 'java/io/FileNotFoundException'> (0x000000008bc1b400) thrown at [/build/openjdk-9-argm_o/openjdk-9-9~b114/src/hotspot/src/share/vm/prims/jni.cpp, line 605]
Event: 0,622 Thread 0x00007f3608011000 Exception <a 'java/lang/ClassNotFoundException': sun/awt/resources/awtProvider> (0x000000008bc8d6c8) thrown at [/build/openjdk-9-argm_o/openjdk-9-9~b114/src/hotspot/src/share/vm/classfile/systemDictionary.cpp, line 224]
Event: 0,637 Thread 0x00007f3608011000 Exception <a 'java/io/FileNotFoundException'> (0x000000008bcb0e58) thrown at [/build/openjdk-9-argm_o/openjdk-9-9~b114/src/hotspot/src/share/vm/prims/jni.cpp, line 605]
Event: 0,637 Thread 0x00007f3608011000 Exception <a 'java/io/FileNotFoundException'> (0x000000008bcb8fe8) thrown at [/build/openjdk-9-argm_o/openjdk-9-9~b114/src/hotspot/src/share/vm/prims/jni.cpp, line 605]
Event: 0,823 Thread 0x00007f3608011000 Exception <a 'java/lang/ClassNotFoundException': com/sun/swing/internal/plaf/metal/resources/metalProvider> (0x000000008b93d360) thrown at [/build/openjdk-9-argm_o/openjdk-9-9~b114/src/hotspot/src/share/vm/classfile/systemDictionary.cpp, line 224]
Event: 0,824 Thread 0x00007f3608011000 Exception <a 'java/lang/ClassNotFoundException': com/sun/swing/internal/plaf/basic/resources/basicProvider> (0x000000008b940d28) thrown at [/build/openjdk-9-argm_o/openjdk-9-9~b114/src/hotspot/src/share/vm/classfile/systemDictionary.cpp, line 224]
Event: 0,831 Thread 0x00007f3608011000 Implicit null exception at 0x00007f35f973dcb5 to 0x00007f35f973de65
Event: 0,831 Thread 0x00007f3608011000 Implicit null exception at 0x00007f35f9725338 to 0x00007f35f97253c6
Event: 0,831 Thread 0x00007f3608011000 Implicit null exception at 0x00007f35f9723b0f to 0x00007f35f9723b79

Events (10 events):
Event: 6,197 loading class sun/nio/cs/UTF_16$Decoder
Event: 6,197 loading class sun/nio/cs/UnicodeDecoder
Event: 6,198 loading class sun/nio/cs/UnicodeDecoder done
Event: 6,198 loading class sun/nio/cs/UTF_16$Decoder done
Event: 6,198 loading class sun/font/FileFontStrike
Event: 6,199 loading class sun/font/FileFontStrike done
Event: 6,199 loading class sun/font/FontScaler
Event: 6,199 loading class sun/font/FontScaler done
Event: 6,199 loading class sun/font/FreetypeFontScaler
Event: 6,199 loading class sun/font/FreetypeFontScaler done


Dynamic libraries:
00400000-00401000 r-xp 00000000 08:03 28576896                           /usr/lib/jvm/java-9-openjdk-amd64/bin/java
00600000-00601000 r--p 00000000 08:03 28576896                           /usr/lib/jvm/java-9-openjdk-amd64/bin/java
00601000-00602000 rw-p 00001000 08:03 28576896                           /usr/lib/jvm/java-9-openjdk-amd64/bin/java
016a2000-016c3000 rw-p 00000000 00:00 0                                  [heap]
84600000-8c200000 rw-p 00000000 00:00 0 
8c200000-100000000 ---p 00000000 00:00 0 
100000000-100220000 rw-p 00000000 00:00 0 
100220000-140000000 ---p 00000000 00:00 0 
7f3568000000-7f3568021000 rw-p 00000000 00:00 0 
7f3568021000-7f356c000000 ---p 00000000 00:00 0 
7f356c000000-7f356c021000 rw-p 00000000 00:00 0 
7f356c021000-7f3570000000 ---p 00000000 00:00 0 
7f3570000000-7f3570021000 rw-p 00000000 00:00 0 
7f3570021000-7f3574000000 ---p 00000000 00:00 0 
7f3574000000-7f3574021000 rw-p 00000000 00:00 0 
7f3574021000-7f3578000000 ---p 00000000 00:00 0 
7f3578000000-7f3578021000 rw-p 00000000 00:00 0 
7f3578021000-7f357c000000 ---p 00000000 00:00 0 
7f357c000000-7f357c021000 rw-p 00000000 00:00 0 
7f357c021000-7f3580000000 ---p 00000000 00:00 0 
7f3580000000-7f3580021000 rw-p 00000000 00:00 0 
7f3580021000-7f3584000000 ---p 00000000 00:00 0 
7f35865e5000-7f35865e9000 ---p 00000000 00:00 0 
7f35865e9000-7f35866e6000 rw-p 00000000 00:00 0 
7f3586b52000-7f3586b56000 ---p 00000000 00:00 0 
7f3586b56000-7f3586e53000 rw-p 00000000 00:00 0 
7f3586e53000-7f3586e57000 ---p 00000000 00:00 0 
7f3586e57000-7f3586f54000 rw-p 00000000 00:00 0 
7f3586f54000-7f3586f58000 ---p 00000000 00:00 0 
7f3586f58000-7f3587055000 rw-p 00000000 00:00 0 
7f3587055000-7f3587059000 ---p 00000000 00:00 0 
7f3587059000-7f3587356000 rw-p 00000000 00:00 0 
7f3587356000-7f358735a000 ---p 00000000 00:00 0 
7f358735a000-7f3587457000 rw-p 00000000 00:00 0 
7f3587457000-7f358745c000 r-xp 00000000 08:03 18874909                   /usr/lib/x86_64-linux-gnu/libXfixes.so.3.1.0
7f358745c000-7f358765b000 ---p 00005000 08:03 18874909                   /usr/lib/x86_64-linux-gnu/libXfixes.so.3.1.0
7f358765b000-7f358765c000 r--p 00004000 08:03 18874909                   /usr/lib/x86_64-linux-gnu/libXfixes.so.3.1.0
7f358765c000-7f358765d000 rw-p 00005000 08:03 18874909                   /usr/lib/x86_64-linux-gnu/libXfixes.so.3.1.0
7f358765d000-7f3587666000 r-xp 00000000 08:03 18875915                   /usr/lib/x86_64-linux-gnu/libXcursor.so.1.0.2
7f3587666000-7f3587865000 ---p 00009000 08:03 18875915                   /usr/lib/x86_64-linux-gnu/libXcursor.so.1.0.2
7f3587865000-7f3587866000 r--p 00008000 08:03 18875915                   /usr/lib/x86_64-linux-gnu/libXcursor.so.1.0.2
7f3587866000-7f3587867000 rw-p 00009000 08:03 18875915                   /usr/lib/x86_64-linux-gnu/libXcursor.so.1.0.2
7f3587867000-7f358788b000 r-xp 00000000 08:03 8913801                    /lib/x86_64-linux-gnu/libpng12.so.0.54.0
7f358788b000-7f3587a8a000 ---p 00024000 08:03 8913801                    /lib/x86_64-linux-gnu/libpng12.so.0.54.0
7f3587a8a000-7f3587a8b000 r--p 00023000 08:03 8913801                    /lib/x86_64-linux-gnu/libpng12.so.0.54.0
7f3587a8b000-7f3587a8c000 rw-p 00024000 08:03 8913801                    /lib/x86_64-linux-gnu/libpng12.so.0.54.0
7f3587a8c000-7f3587b30000 r-xp 00000000 08:03 18876916                   /usr/lib/x86_64-linux-gnu/libfreetype.so.6.12.1
7f3587b30000-7f3587d2f000 ---p 000a4000 08:03 18876916                   /usr/lib/x86_64-linux-gnu/libfreetype.so.6.12.1
7f3587d2f000-7f3587d35000 r--p 000a3000 08:03 18876916                   /usr/lib/x86_64-linux-gnu/libfreetype.so.6.12.1
7f3587d35000-7f3587d36000 rw-p 000a9000 08:03 18876916                   /usr/lib/x86_64-linux-gnu/libfreetype.so.6.12.1
7f3587d36000-7f3587dfc000 r-xp 00000000 08:03 28837537                   /usr/lib/jvm/java-9-openjdk-amd64/lib/amd64/libfontmanager.so
7f3587dfc000-7f3587ffb000 ---p 000c6000 08:03 28837537                   /usr/lib/jvm/java-9-openjdk-amd64/lib/amd64/libfontmanager.so
7f3587ffb000-7f3587ffe000 r--p 000c5000 08:03 28837537                   /usr/lib/jvm/java-9-openjdk-amd64/lib/amd64/libfontmanager.so
7f3587ffe000-7f3587fff000 rw-p 000c8000 08:03 28837537                   /usr/lib/jvm/java-9-openjdk-amd64/lib/amd64/libfontmanager.so
7f3587fff000-7f3588000000 rw-p 00000000 00:00 0 
7f3588000000-7f3588021000 rw-p 00000000 00:00 0 
7f3588021000-7f358c000000 ---p 00000000 00:00 0 
7f358c000000-7f358c021000 rw-p 00000000 00:00 0 
7f358c021000-7f3590000000 ---p 00000000 00:00 0 
7f3590000000-7f3590021000 rw-p 00000000 00:00 0 
7f3590021000-7f3594000000 ---p 00000000 00:00 0 
7f35940b2000-7f35940b6000 ---p 00000000 00:00 0 
7f35940b6000-7f35943b3000 rw-p 00000000 00:00 0 
7f35943b3000-7f35943b8000 r-xp 00000000 08:03 18874887                   /usr/lib/x86_64-linux-gnu/libXdmcp.so.6.0.0
7f35943b8000-7f35945b7000 ---p 00005000 08:03 18874887                   /usr/lib/x86_64-linux-gnu/libXdmcp.so.6.0.0
7f35945b7000-7f35945b8000 r--p 00004000 08:03 18874887                   /usr/lib/x86_64-linux-gnu/libXdmcp.so.6.0.0
7f35945b8000-7f35945b9000 rw-p 00005000 08:03 18874887                   /usr/lib/x86_64-linux-gnu/libXdmcp.so.6.0.0
7f35945b9000-7f35945bb000 r-xp 00000000 08:03 18882080                   /usr/lib/x86_64-linux-gnu/libXau.so.6.0.0
7f35945bb000-7f35947bb000 ---p 00002000 08:03 18882080                   /usr/lib/x86_64-linux-gnu/libXau.so.6.0.0
7f35947bb000-7f35947bc000 r--p 00002000 08:03 18882080                   /usr/lib/x86_64-linux-gnu/libXau.so.6.0.0
7f35947bc000-7f35947bd000 rw-p 00003000 08:03 18882080                   /usr/lib/x86_64-linux-gnu/libXau.so.6.0.0
7f35947bd000-7f35947de000 r-xp 00000000 08:03 18876220                   /usr/lib/x86_64-linux-gnu/libxcb.so.1.1.0
7f35947de000-7f35949dd000 ---p 00021000 08:03 18876220                   /usr/lib/x86_64-linux-gnu/libxcb.so.1.1.0
7f35949dd000-7f35949de000 r--p 00020000 08:03 18876220                   /usr/lib/x86_64-linux-gnu/libxcb.so.1.1.0
7f35949de000-7f35949df000 rw-p 00021000 08:03 18876220                   /usr/lib/x86_64-linux-gnu/libxcb.so.1.1.0
7f35949df000-7f35949ee000 r-xp 00000000 08:03 18878092                   /usr/lib/x86_64-linux-gnu/libXi.so.6.1.0
7f35949ee000-7f3594bed000 ---p 0000f000 08:03 18878092                   /usr/lib/x86_64-linux-gnu/libXi.so.6.1.0
7f3594bed000-7f3594bee000 r--p 0000e000 08:03 18878092                   /usr/lib/x86_64-linux-gnu/libXi.so.6.1.0
7f3594bee000-7f3594bef000 rw-p 0000f000 08:03 18878092                   /usr/lib/x86_64-linux-gnu/libXi.so.6.1.0
7f3594bef000-7f3594bf4000 r-xp 00000000 08:03 18882121                   /usr/lib/x86_64-linux-gnu/libXtst.so.6.1.0
7f3594bf4000-7f3594df3000 ---p 00005000 08:03 18882121                   /usr/lib/x86_64-linux-gnu/libXtst.so.6.1.0
7f3594df3000-7f3594df4000 r--p 00004000 08:03 18882121                   /usr/lib/x86_64-linux-gnu/libXtst.so.6.1.0
7f3594df4000-7f3594df5000 rw-p 00005000 08:03 18882121                   /usr/lib/x86_64-linux-gnu/libXtst.so.6.1.0
7f3594df5000-7f3594dfe000 r-xp 00000000 08:03 18876268                   /usr/lib/x86_64-linux-gnu/libXrender.so.1.3.0
7f3594dfe000-7f3594ffd000 ---p 00009000 08:03 18876268                   /usr/lib/x86_64-linux-gnu/libXrender.so.1.3.0
7f3594ffd000-7f3594ffe000 r--p 00008000 08:03 18876268                   /usr/lib/x86_64-linux-gnu/libXrender.so.1.3.0
7f3594ffe000-7f3594fff000 rw-p 00009000 08:03 18876268                   /usr/lib/x86_64-linux-gnu/libXrender.so.1.3.0
7f3594fff000-7f3598000000 rw-p 00000000 00:00 0 
7f3598000000-7f3598373000 rw-p 00000000 00:00 0 
7f3598373000-7f359c000000 ---p 00000000 00:00 0 
7f359c000000-7f359c021000 rw-p 00000000 00:00 0 
7f359c021000-7f35a0000000 ---p 00000000 00:00 0 
7f35a0000000-7f35a0349000 rw-p 00000000 00:00 0 
7f35a0349000-7f35a4000000 ---p 00000000 00:00 0 
7f35a4000000-7f35a41c3000 rw-p 00000000 00:00 0 
7f35a41c3000-7f35a8000000 ---p 00000000 00:00 0 
7f35a8000000-7f35a8021000 rw-p 00000000 00:00 0 
7f35a8021000-7f35ac000000 ---p 00000000 00:00 0 
7f35ac000000-7f35ac021000 rw-p 00000000 00:00 0 
7f35ac021000-7f35b0000000 ---p 00000000 00:00 0 
7f35b0000000-7f35b0021000 rw-p 00000000 00:00 0 
7f35b0021000-7f35b4000000 ---p 00000000 00:00 0 
7f35b4000000-7f35b4021000 rw-p 00000000 00:00 0 
7f35b4021000-7f35b8000000 ---p 00000000 00:00 0 
7f35b8000000-7f35b8021000 rw-p 00000000 00:00 0 
7f35b8021000-7f35bc000000 ---p 00000000 00:00 0 
7f35bc000000-7f35bc021000 rw-p 00000000 00:00 0 
7f35bc021000-7f35c0000000 ---p 00000000 00:00 0 
7f35c00a6000-7f35c00ad000 r--s 00000000 08:03 5247346                    /var/cache/fontconfig/4be9850f182b35c1350b6bbf2e42601c-le64.cache-6
7f35c00ad000-7f35c00af000 r--s 00000000 08:03 5247345                    /var/cache/fontconfig/30a99c4256905863f7aa12b5e873c27c-le64.cache-6
7f35c00af000-7f35c00ba000 r--s 00000000 08:03 5250652                    /var/cache/fontconfig/945677eb7aeaf62f1d50efc3fb3ec7d8-le64.cache-6
7f35c00ba000-7f35c00c3000 r--s 00000000 08:03 5247305                    /var/cache/fontconfig/a6d8cf8e4ec09cdbc8633c31745a07dd-le64.cache-6
7f35c00c3000-7f35c00fe000 r--s 00000000 08:03 5243043                    /var/cache/fontconfig/365b55f210c0a22e9a19e35191240f32-le64.cache-6
7f35c00fe000-7f35c0233000 r-xp 00000000 08:03 18876222                   /usr/lib/x86_64-linux-gnu/libX11.so.6.3.0
7f35c0233000-7f35c0433000 ---p 00135000 08:03 18876222                   /usr/lib/x86_64-linux-gnu/libX11.so.6.3.0
7f35c0433000-7f35c0434000 r--p 00135000 08:03 18876222                   /usr/lib/x86_64-linux-gnu/libX11.so.6.3.0
7f35c0434000-7f35c0438000 rw-p 00136000 08:03 18876222                   /usr/lib/x86_64-linux-gnu/libX11.so.6.3.0
7f35c0438000-7f35c0449000 r-xp 00000000 08:03 18876225                   /usr/lib/x86_64-linux-gnu/libXext.so.6.4.0
7f35c0449000-7f35c0648000 ---p 00011000 08:03 18876225                   /usr/lib/x86_64-linux-gnu/libXext.so.6.4.0
7f35c0648000-7f35c0649000 r--p 00010000 08:03 18876225                   /usr/lib/x86_64-linux-gnu/libXext.so.6.4.0
7f35c0649000-7f35c064a000 rw-p 00011000 08:03 18876225                   /usr/lib/x86_64-linux-gnu/libXext.so.6.4.0
7f35c064a000-7f35c06a1000 r-xp 00000000 08:03 28837564                   /usr/lib/jvm/java-9-openjdk-amd64/lib/amd64/libawt_xawt.so
7f35c06a1000-7f35c08a1000 ---p 00057000 08:03 28837564                   /usr/lib/jvm/java-9-openjdk-amd64/lib/amd64/libawt_xawt.so
7f35c08a1000-7f35c08a2000 r--p 00057000 08:03 28837564                   /usr/lib/jvm/java-9-openjdk-amd64/lib/amd64/libawt_xawt.so
7f35c08a2000-7f35c08a5000 rw-p 00058000 08:03 28837564                   /usr/lib/jvm/java-9-openjdk-amd64/lib/amd64/libawt_xawt.so
7f35c08a5000-7f35c08a6000 rw-p 00000000 00:00 0 
7f35c08a6000-7f35c0946000 r-xp 00000000 08:03 28837536                   /usr/lib/jvm/java-9-openjdk-amd64/lib/amd64/libawt.so
7f35c0946000-7f35c0b45000 ---p 000a0000 08:03 28837536                   /usr/lib/jvm/java-9-openjdk-amd64/lib/amd64/libawt.so
7f35c0b45000-7f35c0b46000 r--p 0009f000 08:03 28837536                   /usr/lib/jvm/java-9-openjdk-amd64/lib/amd64/libawt.so
7f35c0b46000-7f35c0b51000 rw-p 000a0000 08:03 28837536                   /usr/lib/jvm/java-9-openjdk-amd64/lib/amd64/libawt.so
7f35c0b51000-7f35c0b76000 rw-p 00000000 00:00 0 
7f35c0b76000-7f35c0b77000 ---p 00000000 00:00 0 
7f35c0b77000-7f35c0c77000 rw-p 00000000 00:00 0 
7f35c0c77000-7f35c0c7b000 ---p 00000000 00:00 0 
7f35c0c7b000-7f35c0d78000 rw-p 00000000 00:00 0 
7f35c0d78000-7f35c0d7c000 ---p 00000000 00:00 0 
7f35c0d7c000-7f35c0e79000 rw-p 00000000 00:00 0 
7f35c0e79000-7f35c0e8f000 r-xp 00000000 08:03 28837538                   /usr/lib/jvm/java-9-openjdk-amd64/lib/amd64/libnet.so
7f35c0e8f000-7f35c108e000 ---p 00016000 08:03 28837538                   /usr/lib/jvm/java-9-openjdk-amd64/lib/amd64/libnet.so
7f35c108e000-7f35c108f000 r--p 00015000 08:03 28837538                   /usr/lib/jvm/java-9-openjdk-amd64/lib/amd64/libnet.so
7f35c108f000-7f35c1090000 rw-p 00016000 08:03 28837538                   /usr/lib/jvm/java-9-openjdk-amd64/lib/amd64/libnet.so
7f35c1090000-7f35c10a1000 r-xp 00000000 08:03 28837565                   /usr/lib/jvm/java-9-openjdk-amd64/lib/amd64/libnio.so
7f35c10a1000-7f35c12a1000 ---p 00011000 08:03 28837565                   /usr/lib/jvm/java-9-openjdk-amd64/lib/amd64/libnio.so
7f35c12a1000-7f35c12a2000 r--p 00011000 08:03 28837565                   /usr/lib/jvm/java-9-openjdk-amd64/lib/amd64/libnio.so
7f35c12a2000-7f35c12a3000 rw-p 00012000 08:03 28837565                   /usr/lib/jvm/java-9-openjdk-amd64/lib/amd64/libnio.so
7f35c12a3000-7f35c12a7000 ---p 00000000 00:00 0 
7f35c12a7000-7f35c13a4000 rw-p 00000000 00:00 0 
7f35c13a4000-7f35c1800000 r--p 00000000 08:03 18874998                   /usr/lib/locale/locale-archive
7f35c1800000-7f35c4000000 rw-p 00000000 00:00 0 
7f35c4000000-7f35c4021000 rw-p 00000000 00:00 0 
7f35c4021000-7f35c8000000 ---p 00000000 00:00 0 
7f35c8000000-7f35c8001000 r--s 00000000 08:03 5247341                    /var/cache/fontconfig/087e1975ba9a574b140bb1df193bf770-le64.cache-6
7f35c8001000-7f35c8005000 r--s 00000000 08:03 5243551                    /var/cache/fontconfig/6aa41aa22e18b8fa06a12da28ea9c28b-le64.cache-6
7f35c8005000-7f35c8007000 r--s 00000000 08:03 5247310                    /var/cache/fontconfig/99e8ed0e538f840c565b6ed5dad60d56-le64.cache-6
7f35c8007000-7f35c800d000 r--s 00000000 08:03 5254694                    /var/cache/fontconfig/2cd17615ca594fa2959ae173292e504c-le64.cache-6
7f35c800d000-7f35c800e000 r--s 00000000 08:03 5254706                    /var/cache/fontconfig/0d8c3b2ac0904cb8a57a757ad11a4a08-le64.cache-6
7f35c800e000-7f35c8023000 r--s 00000000 08:03 5254691                    /var/cache/fontconfig/04aabc0a78ac019cf9454389977116d2-le64.cache-6
7f35c8023000-7f35c8024000 r--s 00000000 08:03 5254693                    /var/cache/fontconfig/1ac9eb803944fde146138c791f5cc56a-le64.cache-6
7f35c8024000-7f35c8025000 r--s 00000000 08:03 5247322                    /var/cache/fontconfig/b95bc8ffbebda2bbdae4265e45b8178d-le64.cache-6
7f35c8025000-7f35c8029000 r--s 00000000 08:03 5254664                    /var/cache/fontconfig/385c0604a188198f04d133e54aba7fe7-le64.cache-6
7f35c8029000-7f35c802a000 r--s 00000000 08:03 5247311                    /var/cache/fontconfig/9c956a7723ca69a44b382d9179c9802f-le64.cache-6
7f35c802a000-7f35c802b000 r--s 00000000 08:03 5254685                    /var/cache/fontconfig/dc05db6664285cc2f12bf69c139ae4c3-le64.cache-6
7f35c802b000-7f35c802e000 r--s 00000000 08:03 5254666                    /var/cache/fontconfig/767a8244fc0220cfb567a839d0392e0b-le64.cache-6
7f35c802e000-7f35c8032000 ---p 00000000 00:00 0 
7f35c8032000-7f35c812f000 rw-p 00000000 00:00 0 
7f35c812f000-7f35c8133000 ---p 00000000 00:00 0 
7f35c8133000-7f35c8420000 rw-p 00000000 00:00 0 
7f35c8420000-7f35ca118000 ---p 00000000 00:00 0 
7f35ca118000-7f35ca308000 rw-p 00000000 00:00 0 
7f35ca308000-7f35cc000000 ---p 00000000 00:00 0 
7f35cc000000-7f35cc021000 rw-p 00000000 00:00 0 
7f35cc021000-7f35d0000000 ---p 00000000 00:00 0 
7f35d0000000-7f35d0021000 rw-p 00000000 00:00 0 
7f35d0021000-7f35d4000000 ---p 00000000 00:00 0 
7f35d4000000-7f35d4021000 rw-p 00000000 00:00 0 
7f35d4021000-7f35d8000000 ---p 00000000 00:00 0 
7f35d8000000-7f35d8021000 rw-p 00000000 00:00 0 
7f35d8021000-7f35dc000000 ---p 00000000 00:00 0 
7f35dc000000-7f35dc021000 rw-p 00000000 00:00 0 
7f35dc021000-7f35e0000000 ---p 00000000 00:00 0 
7f35e0000000-7f35e0021000 rw-p 00000000 00:00 0 
7f35e0021000-7f35e4000000 ---p 00000000 00:00 0 
7f35e4000000-7f35e4021000 rw-p 00000000 00:00 0 
7f35e4021000-7f35e8000000 ---p 00000000 00:00 0 
7f35e8000000-7f35e8021000 rw-p 00000000 00:00 0 
7f35e8021000-7f35ec000000 ---p 00000000 00:00 0 
7f35ec000000-7f35ec021000 rw-p 00000000 00:00 0 
7f35ec021000-7f35f0000000 ---p 00000000 00:00 0 
7f35f0000000-7f35f0001000 r--s 00000000 08:03 5247303                    /var/cache/fontconfig/5d1cca7074f29429a8d18692746c2426-le64.cache-6
7f35f0001000-7f35f0002000 r--s 00000000 08:03 5245554                    /var/cache/fontconfig/4794a0821666d79190d59a36cb4f44b5-le64.cache-6
7f35f0002000-7f35f0003000 r--s 00000000 08:03 5247289                    /var/cache/fontconfig/9eae20f1ff8cc0a7d125749e875856bd-le64.cache-6
7f35f0003000-7f35f0006000 r--s 00000000 08:03 5247287                    /var/cache/fontconfig/bf2c1853a9e9b00bb02fe2e9bcf1e201-le64.cache-6
7f35f0006000-7f35f000b000 r--s 00000000 08:03 5255758                    /var/cache/fontconfig/8801497958630a81b71ace7c5f9b32a8-le64.cache-6
7f35f000b000-7f35f000c000 r--s 00000000 08:03 5254642                    /var/cache/fontconfig/bab58bb527bb656aaa9f116d68a48d89-le64.cache-6
7f35f000c000-7f35f0013000 r--s 00000000 08:03 5254611                    /var/cache/fontconfig/3047814df9a2f067bd2d96a2b9c36e5a-le64.cache-6
7f35f0013000-7f35f001b000 r--s 00000000 08:03 5247260                    /var/cache/fontconfig/bf3b770c553c462765856025a94f1ce6-le64.cache-6
7f35f001b000-7f35f001c000 r--s 00000000 08:03 5254631                    /var/cache/fontconfig/56cf4f4769d0f4abc89a4895d7bd3ae1-le64.cache-6
7f35f001c000-7f35f001d000 r--s 00000000 08:03 5254630                    /var/cache/fontconfig/b9d506c9ac06c20b433354fa67a72993-le64.cache-6
7f35f001d000-7f35f0023000 r--s 00000000 08:03 5255757                    /var/cache/fontconfig/b47c4e1ecd0709278f4910c18777a504-le64.cache-6
7f35f0023000-7f35f0026000 r--s 00000000 08:03 5247255                    /var/cache/fontconfig/14d493b97896515cad3840ba4896e372-le64.cache-6
7f35f0026000-7f35f002e000 r--s 00000000 08:03 5247295                    /var/cache/fontconfig/52f7bdb7ce746bfd7eaa1985bd9cfa93-le64.cache-6
7f35f002e000-7f35f0031000 r--s 00000000 08:03 5247254                    /var/cache/fontconfig/e49e89034d371f0f9de17aab02136486-le64.cache-6
7f35f0031000-7f35f0033000 r--s 00000000 08:03 5247248                    /var/cache/fontconfig/4b14b093aebc79c320de5e86ae1d3314-le64.cache-6
7f35f0033000-7f35f0034000 r--s 00000000 08:03 5247246                    /var/cache/fontconfig/8aec10f4cc8391dcef22ca549f1e4354-le64.cache-6
7f35f0034000-7f35f0047000 r--s 00000000 08:03 5254604                    /var/cache/fontconfig/d52a8644073d54c13679302ca1180695-le64.cache-6
7f35f0047000-7f35f0048000 r--s 00000000 08:03 5255755                    /var/cache/fontconfig/551ecf3b0e8b0bca0f25c0944f561853-le64.cache-6
7f35f0048000-7f35f0049000 r--s 00000000 08:03 5247245                    /var/cache/fontconfig/8a687c406b77f27d99abfeeba937fcce-le64.cache-6
7f35f0049000-7f35f004e000 r--s 00000000 08:03 5247242                    /var/cache/fontconfig/75ad6aa2358a85f0de2c8ee4837e8227-le64.cache-6
7f35f004e000-7f35f004f000 r--s 00000000 08:03 5247241                    /var/cache/fontconfig/ac2cf712d852da827a87a9baf682f5b9-le64.cache-6
7f35f004f000-7f35f0051000 r--s 00000000 08:03 5247229                    /var/cache/fontconfig/65f976e5259cbe6dc7697b8648396239-le64.cache-6
7f35f0051000-7f35f005c000 r--s 00000000 08:03 5256898                    /var/cache/fontconfig/d589a48862398ed80a3d6066f4f56f4c-le64.cache-6
7f35f005c000-7f35f0060000 r--s 00000000 08:03 5247202                    /var/cache/fontconfig/246184dc75a16901ca37d96895904249-le64.cache-6
7f35f0060000-7f35f0061000 r--s 00000000 08:03 5247191                    /var/cache/fontconfig/94f7fe9bd33aadfac165873bd010d595-le64.cache-6
7f35f0061000-7f35f0063000 r--s 00000000 08:03 5247184                    /var/cache/fontconfig/423767150eb258c59035de29db6fca84-le64.cache-6
7f35f0063000-7f35f0064000 r--s 00000000 08:03 5247173                    /var/cache/fontconfig/845c20fd2c4814bcec78e05d37a63ccc-le64.cache-6
7f35f0064000-7f35f0065000 r--s 00000000 08:03 5247160                    /var/cache/fontconfig/e7de81b01590fb7e12b38e274e17d0db-le64.cache-6
7f35f0065000-7f35f0066000 r--s 00000000 08:03 5247157                    /var/cache/fontconfig/406a1d2d2bf3ed7664fbadefac0b2f66-le64.cache-6
7f35f0066000-7f35f0068000 r--s 00000000 08:03 5247140                    /var/cache/fontconfig/67709b7835c0f764c1135060c9575660-le64.cache-6
7f35f0068000-7f35f0069000 r--s 00000000 08:03 5250649                    /var/cache/fontconfig/30829fa25452a46451e813d634d7f916-le64.cache-6
7f35f0069000-7f35f0077000 r--s 00000000 08:03 5247087                    /var/cache/fontconfig/198d8fcf01c96d0cf813f74fd759bdb7-le64.cache-6
7f35f0077000-7f35f0078000 r--s 00000000 08:03 5255754                    /var/cache/fontconfig/0c9eb80ebd1c36541ebe2852d3bb0c49-le64.cache-6
7f35f0078000-7f35f007b000 r--s 00000000 08:03 5255753                    /var/cache/fontconfig/75114ca45c98e8a441da0ff356701271-le64.cache-6
7f35f007b000-7f35f0086000 r--s 00000000 08:03 5255752                    /var/cache/fontconfig/83bf95040141907cd45bb53cf7c1c148-le64.cache-6
7f35f0086000-7f35f0098000 r--s 00000000 08:03 5254567                    /var/cache/fontconfig/9b89f8e3dae116d678bbf48e5f21f69b-le64.cache-6
7f35f0098000-7f35f009a000 r--s 00000000 08:03 5247054                    /var/cache/fontconfig/6e6b34ae150a7ad95e82fb4a522f0bda-le64.cache-6
7f35f009a000-7f35f00a1000 r--s 00000000 08:03 5247050                    /var/cache/fontconfig/53d14c92082a93e67d5078324eb314ca-le64.cache-6
7f35f00a1000-7f35f00a5000 r--s 00000000 08:03 5247048                    /var/cache/fontconfig/6c08beecf0dac481ec92e759e0c2e6d7-le64.cache-6
7f35f00a5000-7f35f00a9000 r--s 00000000 08:03 5247047                    /var/cache/fontconfig/4d6aee6d44eccb37054d3216e945f618-le64.cache-6
7f35f00a9000-7f35f00ad000 r--s 00000000 08:03 5247016                    /var/cache/fontconfig/d6c6df98c3df5faf9bd0f8ef4d91efe5-le64.cache-6
7f35f00ad000-7f35f00b1000 r--s 00000000 08:03 5247013                    /var/cache/fontconfig/9fb319ef52839f11ee26ab8b4cffa12b-le64.cache-6
7f35f00b1000-7f35f00b3000 r--s 00000000 08:03 5247012                    /var/cache/fontconfig/43bfe21a9e1edebcf703d79ee2950b06-le64.cache-6
7f35f00b3000-7f35f00c6000 r--s 00000000 08:03 5247005                    /var/cache/fontconfig/4ac51e5cfbc76fc3f983e470323a16d3-le64.cache-6
7f35f00c6000-7f35f00dc000 r--s 00000000 08:03 5246917                    /var/cache/fontconfig/e13b20fdb08344e0e664864cc2ede53d-le64.cache-6
7f35f00dc000-7f35f00e9000 r--s 00000000 08:03 5243140                    /var/cache/fontconfig/8f02d4cb045bd6ce15663e43f347c9f8-le64.cache-6
7f35f00e9000-7f35f00ed000 ---p 00000000 00:00 0 
7f35f00ed000-7f35f01ea000 rw-p 00000000 00:00 0 
7f35f01ea000-7f35f01ee000 ---p 00000000 00:00 0 
7f35f01ee000-7f35f02eb000 rw-p 00000000 00:00 0 
7f35f02eb000-7f35f02ef000 ---p 00000000 00:00 0 
7f35f02ef000-7f35f03ec000 rw-p 00000000 00:00 0 
7f35f03ec000-7f35f03f0000 ---p 00000000 00:00 0 
7f35f03f0000-7f35f04ed000 rw-p 00000000 00:00 0 
7f35f04ed000-7f35f04f1000 ---p 00000000 00:00 0 
7f35f04f1000-7f35f05ee000 rw-p 00000000 00:00 0 
7f35f05ee000-7f35f05ef000 ---p 00000000 00:00 0 
7f35f05ef000-7f35f0d1b000 rw-p 00000000 00:00 0 
7f35f0d1b000-7f35f10ba000 ---p 00000000 00:00 0 
7f35f10ba000-7f35f10f8000 rw-p 00000000 00:00 0 
7f35f10f8000-7f35f1874000 ---p 00000000 00:00 0 
7f35f1874000-7f35f18b2000 rw-p 00000000 00:00 0 
7f35f18b2000-7f35f1c51000 ---p 00000000 00:00 0 
7f35f1c51000-7f35f1ec1000 rwxp 00000000 00:00 0 
7f35f1ec1000-7f35f21e1000 ---p 00000000 00:00 0 
7f35f21e1000-7f35f2451000 rwxp 00000000 00:00 0 
7f35f2451000-7f35f9719000 ---p 00000000 00:00 0 
7f35f9719000-7f35f9989000 rwxp 00000000 00:00 0 
7f35f9989000-7f3600c51000 ---p 00000000 00:00 0 
7f3600c51000-7f3608000000 r--s 00000000 08:03 28707438                   /usr/lib/jvm/java-9-openjdk-amd64/lib/modules
7f3608000000-7f3608c34000 rw-p 00000000 00:00 0 
7f3608c34000-7f360c000000 ---p 00000000 00:00 0 
7f360c000000-7f360c001000 r--s 00000000 08:03 5247051                    /var/cache/fontconfig/3334a778d104e76d188e9df399bc24d2-le64.cache-6
7f360c001000-7f360c004000 r--s 00000000 08:03 5246997                    /var/cache/fontconfig/c19b55eb3b4c5b40ea175e31682068a5-le64.cache-6
7f360c004000-7f360c008000 r--s 00000000 08:03 5246977                    /var/cache/fontconfig/3629f2adf904f9a612908891fae71ceb-le64.cache-6
7f360c008000-7f360c029000 r--s 00000000 08:03 5243106                    /var/cache/fontconfig/467c019e582ee353435ea5c21d137ef6-le64.cache-6
7f360c029000-7f360c0a5000 rw-p 00000000 00:00 0 
7f360c0a5000-7f360c0a6000 ---p 00000000 00:00 0 
7f360c0a6000-7f360c1a6000 rw-p 00000000 00:00 0 
7f360c1a6000-7f360c1a7000 ---p 00000000 00:00 0 
7f360c1a7000-7f360c2a7000 rw-p 00000000 00:00 0 
7f360c2a7000-7f360c2a8000 ---p 00000000 00:00 0 
7f360c2a8000-7f360c3a8000 rw-p 00000000 00:00 0 
7f360c3a8000-7f360c3a9000 ---p 00000000 00:00 0 
7f360c3a9000-7f360c4a9000 rw-p 00000000 00:00 0 
7f360c4a9000-7f360c4aa000 ---p 00000000 00:00 0 
7f360c4aa000-7f360c5aa000 rw-p 00000000 00:00 0 
7f360c5aa000-7f360c5ab000 ---p 00000000 00:00 0 
7f360c5ab000-7f360c6ab000 rw-p 00000000 00:00 0 
7f360c6ab000-7f360c6ac000 ---p 00000000 00:00 0 
7f360c6ac000-7f360cbb0000 rw-p 00000000 00:00 0 
7f360cbb0000-7f360cbb1000 ---p 00000000 00:00 0 
7f360cbb1000-7f360ccb1000 rw-p 00000000 00:00 0 
7f360ccb1000-7f360ccb2000 ---p 00000000 00:00 0 
7f360ccb2000-7f360cdb2000 rw-p 00000000 00:00 0 
7f360cdb2000-7f360cdb3000 ---p 00000000 00:00 0 
7f360cdb3000-7f360ceb3000 rw-p 00000000 00:00 0 
7f360ceb3000-7f360ceb4000 ---p 00000000 00:00 0 
7f360ceb4000-7f360cfb9000 rw-p 00000000 00:00 0 
7f360cfb9000-7f360d09f000 ---p 00000000 00:00 0 
7f360d09f000-7f360d0a4000 rw-p 00000000 00:00 0 
7f360d0a4000-7f360d18a000 ---p 00000000 00:00 0 
7f360d18a000-7f360d18f000 r-xp 00000000 08:03 28837552                   /usr/lib/jvm/java-9-openjdk-amd64/lib/amd64/libjimage.so
7f360d18f000-7f360d38e000 ---p 00005000 08:03 28837552                   /usr/lib/jvm/java-9-openjdk-amd64/lib/amd64/libjimage.so
7f360d38e000-7f360d38f000 r--p 00004000 08:03 28837552                   /usr/lib/jvm/java-9-openjdk-amd64/lib/amd64/libjimage.so
7f360d38f000-7f360d390000 rw-p 00005000 08:03 28837552                   /usr/lib/jvm/java-9-openjdk-amd64/lib/amd64/libjimage.so
7f360d390000-7f360d397000 r-xp 00000000 08:03 28837548                   /usr/lib/jvm/java-9-openjdk-amd64/lib/amd64/libzip.so
7f360d397000-7f360d596000 ---p 00007000 08:03 28837548                   /usr/lib/jvm/java-9-openjdk-amd64/lib/amd64/libzip.so
7f360d596000-7f360d597000 r--p 00006000 08:03 28837548                   /usr/lib/jvm/java-9-openjdk-amd64/lib/amd64/libzip.so
7f360d597000-7f360d598000 rw-p 00007000 08:03 28837548                   /usr/lib/jvm/java-9-openjdk-amd64/lib/amd64/libzip.so
7f360d598000-7f360d5a3000 r-xp 00000000 08:03 8919593                    /lib/x86_64-linux-gnu/libnss_files-2.23.so
7f360d5a3000-7f360d7a2000 ---p 0000b000 08:03 8919593                    /lib/x86_64-linux-gnu/libnss_files-2.23.so
7f360d7a2000-7f360d7a3000 r--p 0000a000 08:03 8919593                    /lib/x86_64-linux-gnu/libnss_files-2.23.so
7f360d7a3000-7f360d7a4000 rw-p 0000b000 08:03 8919593                    /lib/x86_64-linux-gnu/libnss_files-2.23.so
7f360d7a4000-7f360d7aa000 rw-p 00000000 00:00 0 
7f360d7aa000-7f360d7b5000 r-xp 00000000 08:03 8919597                    /lib/x86_64-linux-gnu/libnss_nis-2.23.so
7f360d7b5000-7f360d9b4000 ---p 0000b000 08:03 8919597                    /lib/x86_64-linux-gnu/libnss_nis-2.23.so
7f360d9b4000-7f360d9b5000 r--p 0000a000 08:03 8919597                    /lib/x86_64-linux-gnu/libnss_nis-2.23.so
7f360d9b5000-7f360d9b6000 rw-p 0000b000 08:03 8919597                    /lib/x86_64-linux-gnu/libnss_nis-2.23.so
7f360d9b6000-7f360d9cc000 r-xp 00000000 08:03 8919577                    /lib/x86_64-linux-gnu/libnsl-2.23.so
7f360d9cc000-7f360dbcb000 ---p 00016000 08:03 8919577                    /lib/x86_64-linux-gnu/libnsl-2.23.so
7f360dbcb000-7f360dbcc000 r--p 00015000 08:03 8919577                    /lib/x86_64-linux-gnu/libnsl-2.23.so
7f360dbcc000-7f360dbcd000 rw-p 00016000 08:03 8919577                    /lib/x86_64-linux-gnu/libnsl-2.23.so
7f360dbcd000-7f360dbcf000 rw-p 00000000 00:00 0 
7f360dbcf000-7f360dbd7000 r-xp 00000000 08:03 8919588                    /lib/x86_64-linux-gnu/libnss_compat-2.23.so
7f360dbd7000-7f360ddd6000 ---p 00008000 08:03 8919588                    /lib/x86_64-linux-gnu/libnss_compat-2.23.so
7f360ddd6000-7f360ddd7000 r--p 00007000 08:03 8919588                    /lib/x86_64-linux-gnu/libnss_compat-2.23.so
7f360ddd7000-7f360ddd8000 rw-p 00008000 08:03 8919588                    /lib/x86_64-linux-gnu/libnss_compat-2.23.so
7f360ddd8000-7f360de03000 r-xp 00000000 08:03 28837531                   /usr/lib/jvm/java-9-openjdk-amd64/lib/amd64/libjava.so
7f360de03000-7f360e002000 ---p 0002b000 08:03 28837531                   /usr/lib/jvm/java-9-openjdk-amd64/lib/amd64/libjava.so
7f360e002000-7f360e003000 r--p 0002a000 08:03 28837531                   /usr/lib/jvm/java-9-openjdk-amd64/lib/amd64/libjava.so
7f360e003000-7f360e005000 rw-p 0002b000 08:03 28837531                   /usr/lib/jvm/java-9-openjdk-amd64/lib/amd64/libjava.so
7f360e005000-7f360e012000 r-xp 00000000 08:03 28837532                   /usr/lib/jvm/java-9-openjdk-amd64/lib/amd64/libverify.so
7f360e012000-7f360e211000 ---p 0000d000 08:03 28837532                   /usr/lib/jvm/java-9-openjdk-amd64/lib/amd64/libverify.so
7f360e211000-7f360e213000 r--p 0000c000 08:03 28837532                   /usr/lib/jvm/java-9-openjdk-amd64/lib/amd64/libverify.so
7f360e213000-7f360e214000 rw-p 0000e000 08:03 28837532                   /usr/lib/jvm/java-9-openjdk-amd64/lib/amd64/libverify.so
7f360e214000-7f360e21b000 r-xp 00000000 08:03 8919598                    /lib/x86_64-linux-gnu/librt-2.23.so
7f360e21b000-7f360e41a000 ---p 00007000 08:03 8919598                    /lib/x86_64-linux-gnu/librt-2.23.so
7f360e41a000-7f360e41b000 r--p 00006000 08:03 8919598                    /lib/x86_64-linux-gnu/librt-2.23.so
7f360e41b000-7f360e41c000 rw-p 00007000 08:03 8919598                    /lib/x86_64-linux-gnu/librt-2.23.so
7f360e41c000-7f360e432000 r-xp 00000000 08:03 8913813                    /lib/x86_64-linux-gnu/libgcc_s.so.1
7f360e432000-7f360e631000 ---p 00016000 08:03 8913813                    /lib/x86_64-linux-gnu/libgcc_s.so.1
7f360e631000-7f360e632000 rw-p 00015000 08:03 8913813                    /lib/x86_64-linux-gnu/libgcc_s.so.1
7f360e632000-7f360e73a000 r-xp 00000000 08:03 8914570                    /lib/x86_64-linux-gnu/libm-2.23.so
7f360e73a000-7f360e939000 ---p 00108000 08:03 8914570                    /lib/x86_64-linux-gnu/libm-2.23.so
7f360e939000-7f360e93a000 r--p 00107000 08:03 8914570                    /lib/x86_64-linux-gnu/libm-2.23.so
7f360e93a000-7f360e93b000 rw-p 00108000 08:03 8914570                    /lib/x86_64-linux-gnu/libm-2.23.so
7f360e93b000-7f360eaad000 r-xp 00000000 08:03 18877637                   /usr/lib/x86_64-linux-gnu/libstdc++.so.6.0.21
7f360eaad000-7f360ecad000 ---p 00172000 08:03 18877637                   /usr/lib/x86_64-linux-gnu/libstdc++.so.6.0.21
7f360ecad000-7f360ecb7000 r--p 00172000 08:03 18877637                   /usr/lib/x86_64-linux-gnu/libstdc++.so.6.0.21
7f360ecb7000-7f360ecb9000 rw-p 0017c000 08:03 18877637                   /usr/lib/x86_64-linux-gnu/libstdc++.so.6.0.21
7f360ecb9000-7f360ecbd000 rw-p 00000000 00:00 0 
7f360ecbd000-7f360fb1b000 r-xp 00000000 08:03 28837545                   /usr/lib/jvm/java-9-openjdk-amd64/lib/amd64/server/libjvm.so
7f360fb1b000-7f360fd1b000 ---p 00e5e000 08:03 28837545                   /usr/lib/jvm/java-9-openjdk-amd64/lib/amd64/server/libjvm.so
7f360fd1b000-7f360fdcd000 r--p 00e5e000 08:03 28837545                   /usr/lib/jvm/java-9-openjdk-amd64/lib/amd64/server/libjvm.so
7f360fdcd000-7f360fdff000 rw-p 00f10000 08:03 28837545                   /usr/lib/jvm/java-9-openjdk-amd64/lib/amd64/server/libjvm.so
7f360fdff000-7f360fe44000 rw-p 00000000 00:00 0 
7f360fe44000-7f360fe5c000 r-xp 00000000 08:03 8919579                    /lib/x86_64-linux-gnu/libpthread-2.23.so
7f360fe5c000-7f361005b000 ---p 00018000 08:03 8919579                    /lib/x86_64-linux-gnu/libpthread-2.23.so
7f361005b000-7f361005c000 r--p 00017000 08:03 8919579                    /lib/x86_64-linux-gnu/libpthread-2.23.so
7f361005c000-7f361005d000 rw-p 00018000 08:03 8919579                    /lib/x86_64-linux-gnu/libpthread-2.23.so
7f361005d000-7f3610061000 rw-p 00000000 00:00 0 
7f3610061000-7f3610064000 r-xp 00000000 08:03 8919582                    /lib/x86_64-linux-gnu/libdl-2.23.so
7f3610064000-7f3610263000 ---p 00003000 08:03 8919582                    /lib/x86_64-linux-gnu/libdl-2.23.so
7f3610263000-7f3610264000 r--p 00002000 08:03 8919582                    /lib/x86_64-linux-gnu/libdl-2.23.so
7f3610264000-7f3610265000 rw-p 00003000 08:03 8919582                    /lib/x86_64-linux-gnu/libdl-2.23.so
7f3610265000-7f361027e000 r-xp 00000000 08:03 8912944                    /lib/x86_64-linux-gnu/libz.so.1.2.8
7f361027e000-7f361047d000 ---p 00019000 08:03 8912944                    /lib/x86_64-linux-gnu/libz.so.1.2.8
7f361047d000-7f361047e000 r--p 00018000 08:03 8912944                    /lib/x86_64-linux-gnu/libz.so.1.2.8
7f361047e000-7f361047f000 rw-p 00019000 08:03 8912944                    /lib/x86_64-linux-gnu/libz.so.1.2.8
7f361047f000-7f361063f000 r-xp 00000000 08:03 8919580                    /lib/x86_64-linux-gnu/libc-2.23.so
7f361063f000-7f361083f000 ---p 001c0000 08:03 8919580                    /lib/x86_64-linux-gnu/libc-2.23.so
7f361083f000-7f3610843000 r--p 001c0000 08:03 8919580                    /lib/x86_64-linux-gnu/libc-2.23.so
7f3610843000-7f3610845000 rw-p 001c4000 08:03 8919580                    /lib/x86_64-linux-gnu/libc-2.23.so
7f3610845000-7f3610849000 rw-p 00000000 00:00 0 
7f3610849000-7f3610857000 r-xp 00000000 08:03 28837562                   /usr/lib/jvm/java-9-openjdk-amd64/lib/amd64/jli/libjli.so
7f3610857000-7f3610a56000 ---p 0000e000 08:03 28837562                   /usr/lib/jvm/java-9-openjdk-amd64/lib/amd64/jli/libjli.so
7f3610a56000-7f3610a57000 r--p 0000d000 08:03 28837562                   /usr/lib/jvm/java-9-openjdk-amd64/lib/amd64/jli/libjli.so
7f3610a57000-7f3610a58000 rw-p 0000e000 08:03 28837562                   /usr/lib/jvm/java-9-openjdk-amd64/lib/amd64/jli/libjli.so
7f3610a58000-7f3610a7e000 r-xp 00000000 08:03 8919578                    /lib/x86_64-linux-gnu/ld-2.23.so
7f3610a7e000-7f3610a7f000 r--s 00000000 08:03 5246988                    /var/cache/fontconfig/c277e94e32b20404286a1ddafa5a80f0-le64.cache-6
7f3610a7f000-7f3610a82000 r--s 00000000 08:03 5246956                    /var/cache/fontconfig/de83a0a961185c8bd1f159015d56c039-le64.cache-6
7f3610a82000-7f3610b59000 rw-p 00000000 00:00 0 
7f3610b59000-7f3610b5d000 ---p 00000000 00:00 0 
7f3610b5d000-7f3610c5e000 rw-p 00000000 00:00 0 
7f3610c5e000-7f3610c63000 r--s 00000000 08:03 5243712                    /var/cache/fontconfig/7ef2298fde41cc6eeb7af42e48b7d293-le64.cache-6
7f3610c63000-7f3610c65000 r--s 00000000 08:03 5243143                    /var/cache/fontconfig/16326683038b281783a0ef8c680e3a10-le64.cache-6
7f3610c65000-7f3610c66000 r--s 00000000 08:03 5243118                    /var/cache/fontconfig/e0aa53bcfa504e64f87823c16bc01eb6-le64.cache-6
7f3610c66000-7f3610c6b000 rw-p 00000000 00:00 0 
7f3610c6b000-7f3610c72000 ---p 00000000 00:00 0 
7f3610c72000-7f3610c7a000 rw-s 00000000 08:03 7602926                    /tmp/hsperfdata_rene/5786
7f3610c7a000-7f3610c7b000 rw-p 00000000 00:00 0 
7f3610c7b000-7f3610c7c000 r--p 00000000 00:00 0 
7f3610c7c000-7f3610c7d000 rw-p 00000000 00:00 0 
7f3610c7d000-7f3610c7e000 r--p 00025000 08:03 8919578                    /lib/x86_64-linux-gnu/ld-2.23.so
7f3610c7e000-7f3610c7f000 rw-p 00026000 08:03 8919578                    /lib/x86_64-linux-gnu/ld-2.23.so
7f3610c7f000-7f3610c80000 rw-p 00000000 00:00 0 
7ffdaf16b000-7ffdaf18d000 rw-p 00000000 00:00 0                          [stack]
7ffdaf1bd000-7ffdaf1c0000 r--p 00000000 00:00 0                          [vvar]
7ffdaf1c0000-7ffdaf1c2000 r-xp 00000000 00:00 0                          [vdso]
ffffffffff600000-ffffffffff601000 r-xp 00000000 00:00 0                  [vsyscall]

VM Arguments:
java_command: /home/rene/git/football/FootballApp/target/surefire/surefirebooter8783310314106413594.jar /home/rene/git/football/FootballApp/target/surefire/surefire4314466177691252249tmp /home/rene/git/football/FootballApp/target/surefire/surefire_02369576481277408391tmp
java_class_path (initial): /home/rene/git/football/FootballApp/target/surefire/surefirebooter8783310314106413594.jar
Launcher Type: SUN_STANDARD

Environment Variables:
JAVA_HOME=/usr/lib/jvm/java-9-openjdk-amd64
PATH=/usr/local/sbin:/usr/local/bin:/usr/sbin:/usr/bin:/sbin:/bin:/usr/games:/usr/local/games:/snap/bin
SHELL=/bin/bash
DISPLAY=:0

Signal Handlers:
SIGSEGV: [libjvm.so+0xc12c20], sa_mask[0]=11111111011111111101111111111110, sa_flags=SA_RESTART|SA_SIGINFO
SIGBUS: [libjvm.so+0xc12c20], sa_mask[0]=11111111011111111101111111111110, sa_flags=SA_RESTART|SA_SIGINFO
SIGFPE: [libjvm.so+0xc12c20], sa_mask[0]=11111111011111111101111111111110, sa_flags=SA_RESTART|SA_SIGINFO
SIGPIPE: [libjvm.so+0xa3b600], sa_mask[0]=11111111011111111101111111111110, sa_flags=SA_RESTART|SA_SIGINFO
SIGXFSZ: [libjvm.so+0xa3b600], sa_mask[0]=11111111011111111101111111111110, sa_flags=SA_RESTART|SA_SIGINFO
SIGILL: [libjvm.so+0xc12c20], sa_mask[0]=11111111011111111101111111111110, sa_flags=SA_RESTART|SA_SIGINFO
SIGUSR2: [libjvm.so+0xa3b4a0], sa_mask[0]=00100000000000000000000000000000, sa_flags=SA_RESTART|SA_SIGINFO
SIGHUP: [libjvm.so+0xa3b870], sa_mask[0]=11111111011111111101111111111110, sa_flags=SA_RESTART|SA_SIGINFO
SIGINT: [libjvm.so+0xa3b870], sa_mask[0]=11111111011111111101111111111110, sa_flags=SA_RESTART|SA_SIGINFO
SIGTERM: [libjvm.so+0xa3b870], sa_mask[0]=11111111011111111101111111111110, sa_flags=SA_RESTART|SA_SIGINFO
SIGQUIT: [libjvm.so+0xa3b870], sa_mask[0]=11111111011111111101111111111110, sa_flags=SA_RESTART|SA_SIGINFO


---------------  S Y S T E M  ---------------

OS:DISTRIB_ID=Ubuntu
DISTRIB_RELEASE=16.04
DISTRIB_CODENAME=xenial
DISTRIB_DESCRIPTION="Ubuntu 16.04.4 LTS"
uname:Linux 4.4.0-116-generic #140-Ubuntu SMP Mon Feb 12 21:23:04 UTC 2018 x86_64
libc:glibc 2.23 NPTL 2.23 
rlimit: STACK 8192k, CORE 0k, NPROC 31482, NOFILE 1048576, AS infinity
load average:1,08 0,61 0,45

/proc/meminfo:
MemTotal:        8100448 kB
MemFree:         5283652 kB
MemAvailable:    6401740 kB
Buffers:          101776 kB
Cached:          1424260 kB
SwapCached:            0 kB
Active:          1655140 kB
Inactive:         971252 kB
Active(anon):    1102468 kB
Inactive(anon):   216680 kB
Active(file):     552672 kB
Inactive(file):   754572 kB
Unevictable:         288 kB
Mlocked:             288 kB
SwapTotal:       5859324 kB
SwapFree:        5859324 kB
Dirty:             11720 kB
Writeback:             0 kB
AnonPages:       1100820 kB
Mapped:           242752 kB
Shmem:            218656 kB
Slab:             103804 kB
SReclaimable:      68712 kB
SUnreclaim:        35092 kB
KernelStack:        8240 kB
PageTables:        29044 kB
NFS_Unstable:          0 kB
Bounce:                0 kB
WritebackTmp:          0 kB
CommitLimit:     9909548 kB
Committed_AS:    4791556 kB
VmallocTotal:   34359738367 kB
VmallocUsed:           0 kB
VmallocChunk:          0 kB
HardwareCorrupted:     0 kB
AnonHugePages:    663552 kB
CmaTotal:              0 kB
CmaFree:               0 kB
HugePages_Total:       0
HugePages_Free:        0
HugePages_Rsvd:        0
HugePages_Surp:        0
Hugepagesize:       2048 kB
DirectMap4k:      169728 kB
DirectMap2M:     6047744 kB
DirectMap1G:     3145728 kB


CPU:total 4 (2 cores per cpu, 2 threads per core) family 6 model 69 stepping 1, cmov, cx8, fxsr, mmx, sse, sse2, sse3, ssse3, sse4.1, sse4.2, popcnt, avx, avx2, aes, clmul, erms, lzcnt, ht, tsc, tscinvbit, bmi1, bmi2

CPU Model and flags from /proc/cpuinfo:
model name	: Intel(R) Core(TM) i5-4210U CPU @ 1.70GHz
flags		: fpu vme de pse tsc msr pae mce cx8 apic sep mtrr pge mca cmov pat pse36 clflush dts acpi mmx fxsr sse sse2 ss ht tm pbe syscall nx pdpe1gb rdtscp lm constant_tsc arch_perfmon pebs bts rep_good nopl xtopology nonstop_tsc aperfmperf eagerfpu pni pclmulqdq dtes64 monitor ds_cpl vmx est tm2 ssse3 sdbg fma cx16 xtpr pdcm pcid sse4_1 sse4_2 movbe popcnt tsc_deadline_timer aes xsave avx f16c rdrand lahf_lm abm epb invpcid_single retpoline kaiser tpr_shadow vnmi flexpriority ept vpid fsgsbase tsc_adjust bmi1 avx2 smep bmi2 erms invpcid xsaveopt dtherm ida arat pln pts

Memory: 4k page, physical 8100448k(5283652k free), swap 5859324k(5859324k free)

vm_info: OpenJDK 64-Bit Server VM (9-internal+0-2016-04-14-195246.buildd.src) for linux-amd64 JRE (9-internal+0-2016-04-14-195246.buildd.src), built on Apr 14 2016 20:05:37 by "buildd" with gcc 5.3.1 20160413

END.
