Dez 04, 2016 3:46:48 PM de.application.TipicoActivityBean$13 valueChanged
INFO: message 1
Dez 04, 2016 3:46:58 PM de.application.TipicoActivityBean actionBetValue
INFO: 123_1480862807454 :  : 1.0
Dez 04, 2016 3:48:06 PM de.application.BundesligaActivityBean$3 stateChanged
INFO: progress bar changed
Dez 04, 2016 3:48:06 PM de.application.TipicoActivityBean$13 valueChanged
INFO: message 1
Dez 04, 2016 3:48:21 PM de.application.BundesligaActivityBean$3 stateChanged
INFO: progress bar changed
Dez 04, 2016 3:48:22 PM de.application.TipicoActivityBean$13 valueChanged
INFO: message 1
Dez 04, 2016 3:48:22 PM de.application.TipicoActivityBean$13 valueChanged
INFO: message 1
Dez 04, 2016 3:48:25 PM de.application.TipicoActivityBean$13 valueChanged
INFO: message 1
Dez 04, 2016 3:48:31 PM de.application.TipicoActivityBean$13 valueChanged
INFO: message 1
Dez 04, 2016 3:48:32 PM de.application.TipicoActivityBean$13 valueChanged
INFO: message 1
Dez 04, 2016 3:48:32 PM de.application.TipicoActivityBean$13 valueChanged
INFO: message 1
Dez 04, 2016 3:48:33 PM de.application.TipicoActivityBean$13 valueChanged
INFO: message 1
Dez 04, 2016 3:48:33 PM de.application.TipicoActivityBean$13 valueChanged
INFO: message 1
Dez 04, 2016 3:48:34 PM de.application.TipicoActivityBean$13 valueChanged
INFO: message 1
Dez 04, 2016 3:48:34 PM de.application.TipicoActivityBean$13 valueChanged
INFO: message 1
Dez 04, 2016 3:48:35 PM de.application.TipicoActivityBean$13 valueChanged
INFO: message 1
Dez 04, 2016 3:48:35 PM de.application.TipicoActivityBean$13 valueChanged
INFO: message 1
Dez 04, 2016 3:48:35 PM de.application.TipicoActivityBean$13 valueChanged
INFO: message 1
Dez 04, 2016 3:48:35 PM de.application.TipicoActivityBean$13 valueChanged
INFO: message 1
Dez 04, 2016 3:48:35 PM de.application.TipicoActivityBean$13 valueChanged
INFO: message 1
Dez 04, 2016 3:48:35 PM de.application.TipicoActivityBean$13 valueChanged
INFO: message 1
Dez 04, 2016 3:48:36 PM de.application.TipicoActivityBean$13 valueChanged
INFO: message 1
Dez 04, 2016 3:48:37 PM de.application.TipicoActivityBean$13 valueChanged
INFO: message 1
